#
# There is insufficient memory for the Java Runtime Environment to continue.
# Native memory allocation (malloc) failed to allocate 456032 bytes for Chunk::new
# Possible reasons:
#   The system is out of physical RAM or swap space
#   The process is running with CompressedOops enabled, and the Java Heap may be blocking the growth of the native heap
# Possible solutions:
#   Reduce memory load on the system
#   Increase physical memory or swap space
#   Check if swap backing store is full
#   Decrease Java heap size (-Xmx/-Xms)
#   Decrease number of Java threads
#   Decrease Java thread stack sizes (-Xss)
#   Set larger code cache with -XX:ReservedCodeCacheSize=
#   JVM is running with Unscaled Compressed Oops mode in which the Java heap is
#     placed in the first 4GB address space. The Java Heap base address is the
#     maximum limit for the native heap growth. Please use -XX:HeapBaseMinAddress
#     to set the Java Heap base and to place the Java Heap above 4GB virtual address.
# This output file may be truncated or incomplete.
#
#  Out of Memory Error (arena.cpp:184), pid=18144, tid=24696
#
# JRE version: Java(TM) SE Runtime Environment (18.0.2.1+1) (build 18.0.2.1+1-1)
# Java VM: Java HotSpot(TM) 64-Bit Server VM (18.0.2.1+1-1, mixed mode, sharing, tiered, compressed oops, compressed class ptrs, g1 gc, windows-amd64)
# No core dump will be written. Minidumps are not enabled by default on client versions of Windows
#

---------------  S U M M A R Y ------------

Command Line: -javaagent:D:\THUY\Apps\IntelliJ IDEA Community Edition 2024.1.4\lib\idea_rt.jar=52832:D:\THUY\Apps\IntelliJ IDEA Community Edition 2024.1.4\bin -Dfile.encoding=UTF-8 -Dsun.stdout.encoding=UTF-8 -Dsun.stderr.encoding=UTF-8 com.ptithcm.ClothingStoreWebApplication

Host: Intel(R) Core(TM) i5-1035G1 CPU @ 1.00GHz, 8 cores, 7G,  Windows 11 , 64 bit Build 22621 (10.0.22621.3672)
Time: Tue Aug  6 16:28:23 2024 SE Asia Standard Time elapsed time: 859.962682 seconds (0d 0h 14m 19s)

---------------  T H R E A D  ---------------

Current thread (0x000001fb5cacf000):  JavaThread "C2 CompilerThread0" daemon [_thread_in_native, id=24696, stack(0x0000000468800000,0x0000000468900000)]


Current CompileTask:
C2: 859962 14359       4       org.springframework.context.event.SimpleApplicationEventMulticaster::multicastEvent (90 bytes)

Stack: [0x0000000468800000,0x0000000468900000]
Native frames: (J=compiled Java code, j=interpreted, Vv=VM code, C=native code)
V  [jvm.dll+0x6993aa]
V  [jvm.dll+0x7f46dd]
V  [jvm.dll+0x7f5fee]
V  [jvm.dll+0x7f66a3]
V  [jvm.dll+0x25cf1f]
V  [jvm.dll+0xb8c2f]
V  [jvm.dll+0xb8fa5]
V  [jvm.dll+0x3860cb]
V  [jvm.dll+0x34fe71]
V  [jvm.dll+0x34f30a]
V  [jvm.dll+0x230101]
V  [jvm.dll+0x22f4d1]
V  [jvm.dll+0x1ba01c]
V  [jvm.dll+0x23ee0a]
V  [jvm.dll+0x23d0f5]
V  [jvm.dll+0x7a6dd1]
V  [jvm.dll+0x7a120a]
V  [jvm.dll+0x698255]
C  [ucrtbase.dll+0x29333]
C  [KERNEL32.DLL+0x1257d]
C  [ntdll.dll+0x5af28]


---------------  P R O C E S S  ---------------

Threads class SMR info:
_java_thread_list=0x000001fb653fc090, length=33, elements={
0x000001fb5caab670, 0x000001fb5caad020, 0x000001fb5cac79e0, 0x000001fb5cac8290,
0x000001fb5cacab50, 0x000001fb5cacd410, 0x000001fb5cacf000, 0x000001fb5caddbe0,
0x000001fb5caf11f0, 0x000001fb5cb3e9c0, 0x000001fb60f28e00, 0x000001fb610b6c10,
0x000001fb621ff240, 0x000001fb621fd090, 0x000001fb621fd560, 0x000001fb621fcbc0,
0x000001fb621fb880, 0x000001fb621fda30, 0x000001fb621fc6f0, 0x000001fb621fdf00,
0x000001fb621fe3d0, 0x000001fb621fe8a0, 0x000001fb640478f0, 0x000001fb6404ade0,
0x000001fb6404a910, 0x000001fb64045740, 0x000001fb64047dc0, 0x000001fb6404b2b0,
0x000001fb64046a80, 0x000001fb6404c120, 0x000001fb64048290, 0x000001fb6404b780,
0x000001fb640465b0
}

Java Threads: ( => current thread )
  0x000001fb5caab670 JavaThread "Reference Handler" daemon [_thread_blocked, id=10608, stack(0x0000000468200000,0x0000000468300000)]
  0x000001fb5caad020 JavaThread "Finalizer" daemon [_thread_blocked, id=20792, stack(0x0000000468300000,0x0000000468400000)]
  0x000001fb5cac79e0 JavaThread "Signal Dispatcher" daemon [_thread_blocked, id=7484, stack(0x0000000468400000,0x0000000468500000)]
  0x000001fb5cac8290 JavaThread "Attach Listener" daemon [_thread_blocked, id=6752, stack(0x0000000468500000,0x0000000468600000)]
  0x000001fb5cacab50 JavaThread "Service Thread" daemon [_thread_blocked, id=11276, stack(0x0000000468600000,0x0000000468700000)]
  0x000001fb5cacd410 JavaThread "Monitor Deflation Thread" daemon [_thread_blocked, id=3112, stack(0x0000000468700000,0x0000000468800000)]
=>0x000001fb5cacf000 JavaThread "C2 CompilerThread0" daemon [_thread_in_native, id=24696, stack(0x0000000468800000,0x0000000468900000)]
  0x000001fb5caddbe0 JavaThread "C1 CompilerThread0" daemon [_thread_blocked, id=13932, stack(0x0000000468900000,0x0000000468a00000)]
  0x000001fb5caf11f0 JavaThread "Sweeper thread" daemon [_thread_blocked, id=8092, stack(0x0000000468a00000,0x0000000468b00000)]
  0x000001fb5cb3e9c0 JavaThread "Common-Cleaner" daemon [_thread_blocked, id=17908, stack(0x0000000468b00000,0x0000000468c00000)]
  0x000001fb60f28e00 JavaThread "Monitor Ctrl-Break" daemon [_thread_in_native, id=18072, stack(0x0000000468d00000,0x0000000468e00000)]
  0x000001fb610b6c10 JavaThread "Notification Thread" daemon [_thread_blocked, id=10560, stack(0x0000000468e00000,0x0000000468f00000)]
  0x000001fb621ff240 JavaThread "Catalina-utility-1" [_thread_blocked, id=9636, stack(0x0000000469a00000,0x0000000469b00000)]
  0x000001fb621fd090 JavaThread "Catalina-utility-2" [_thread_blocked, id=1464, stack(0x0000000469b00000,0x0000000469c00000)]
  0x000001fb621fd560 JavaThread "container-0" [_thread_blocked, id=10316, stack(0x0000000469c00000,0x0000000469d00000)]
  0x000001fb621fcbc0 JavaThread "mysql-cj-abandoned-connection-cleanup" daemon [_thread_blocked, id=26316, stack(0x0000000469d00000,0x0000000469e00000)]
  0x000001fb621fb880 JavaThread "File Watcher" daemon [_thread_blocked, id=20228, stack(0x000000046a000000,0x000000046a100000)]
  0x000001fb621fda30 JavaThread "Live Reload Server" daemon [_thread_in_native, id=15016, stack(0x000000046a200000,0x000000046a300000)]
  0x000001fb621fc6f0 JavaThread "http-nio-5454-BlockPoller" daemon [_thread_in_native, id=25464, stack(0x000000046a100000,0x000000046a200000)]
  0x000001fb621fdf00 JavaThread "http-nio-5454-exec-1" daemon [_thread_blocked, id=21548, stack(0x000000046a300000,0x000000046a400000)]
  0x000001fb621fe3d0 JavaThread "http-nio-5454-exec-2" daemon [_thread_in_native, id=26024, stack(0x000000046a400000,0x000000046a500000)]
  0x000001fb621fe8a0 JavaThread "http-nio-5454-exec-3" daemon [_thread_blocked, id=19568, stack(0x000000046a500000,0x000000046a600000)]
  0x000001fb640478f0 JavaThread "http-nio-5454-exec-4" daemon [_thread_blocked, id=26116, stack(0x000000046a600000,0x000000046a700000)]
  0x000001fb6404ade0 JavaThread "http-nio-5454-exec-5" daemon [_thread_blocked, id=10916, stack(0x000000046a700000,0x000000046a800000)]
  0x000001fb6404a910 JavaThread "http-nio-5454-exec-6" daemon [_thread_blocked, id=14768, stack(0x000000046a800000,0x000000046a900000)]
  0x000001fb64045740 JavaThread "http-nio-5454-exec-7" daemon [_thread_in_Java, id=6840, stack(0x000000046a900000,0x000000046aa00000)]
  0x000001fb64047dc0 JavaThread "http-nio-5454-exec-8" daemon [_thread_blocked, id=13644, stack(0x000000046aa00000,0x000000046ab00000)]
  0x000001fb6404b2b0 JavaThread "http-nio-5454-exec-9" daemon [_thread_blocked, id=640, stack(0x000000046ab00000,0x000000046ac00000)]
  0x000001fb64046a80 JavaThread "http-nio-5454-exec-10" daemon [_thread_in_Java, id=2764, stack(0x000000046ac00000,0x000000046ad00000)]
  0x000001fb6404c120 JavaThread "http-nio-5454-ClientPoller" daemon [_thread_in_native, id=12888, stack(0x000000046ad00000,0x000000046ae00000)]
  0x000001fb64048290 JavaThread "http-nio-5454-Acceptor" daemon [_thread_in_native, id=6988, stack(0x000000046ae00000,0x000000046af00000)]
  0x000001fb6404b780 JavaThread "HikariPool-1 housekeeper" daemon [_thread_blocked, id=7008, stack(0x000000046af00000,0x000000046b000000)]
  0x000001fb640465b0 JavaThread "DestroyJavaVM" [_thread_blocked, id=8420, stack(0x0000000467b00000,0x0000000467c00000)]

Other Threads:
  0x000001fb3ead64d0 VMThread "VM Thread" [stack: 0x0000000468100000,0x0000000468200000] [id=5312]
  0x000001fb60f292c0 WatcherThread "VM Periodic Task Thread" [stack: 0x0000000468f00000,0x0000000469000000] [id=13648]
  0x000001fb3eabefa0 WorkerThread "GC Thread#0" [stack: 0x0000000467c00000,0x0000000467d00000] [id=20124]
  0x000001fb61ca9b50 WorkerThread "GC Thread#1" [stack: 0x0000000469300000,0x0000000469400000] [id=1600]
  0x000001fb61ca9df0 WorkerThread "GC Thread#2" [stack: 0x0000000469400000,0x0000000469500000] [id=25620]
  0x000001fb61caa090 WorkerThread "GC Thread#3" [stack: 0x0000000469500000,0x0000000469600000] [id=26388]
  0x000001fb61caa330 WorkerThread "GC Thread#4" [stack: 0x0000000469600000,0x0000000469700000] [id=25160]
  0x000001fb61caadf0 WorkerThread "GC Thread#5" [stack: 0x0000000469700000,0x0000000469800000] [id=2504]
  0x000001fb61cab090 WorkerThread "GC Thread#6" [stack: 0x0000000469800000,0x0000000469900000] [id=17612]
  0x000001fb61cb3df0 WorkerThread "GC Thread#7" [stack: 0x0000000469900000,0x0000000469a00000] [id=21020]
  0x000001fb3ead06e0 ConcurrentGCThread "G1 Main Marker" [stack: 0x0000000467d00000,0x0000000467e00000] [id=19056]
  0x000001fb3ead0fd0 WorkerThread "G1 Conc#0" [stack: 0x0000000467e00000,0x0000000467f00000] [id=15648]
  0x000001fb623e8800 WorkerThread "G1 Conc#1" [stack: 0x0000000469200000,0x0000000469300000] [id=23384]
  0x000001fb5c962580 ConcurrentGCThread "G1 Refine#0" [stack: 0x0000000467f00000,0x0000000468000000] [id=22888]
  0x000001fb5c962da0 ConcurrentGCThread "G1 Service" [stack: 0x0000000468000000,0x0000000468100000] [id=5136]

Threads with active compile tasks:
C2 CompilerThread0   860031 14359       4       org.springframework.context.event.SimpleApplicationEventMulticaster::multicastEvent (90 bytes)

VM state: not at safepoint (normal execution)

VM Mutex/Monitor currently owned by a thread: None

OutOfMemory and StackOverflow Exception counts:
OutOfMemoryError java_heap_errors=4
LinkageErrors=111

Heap address: 0x0000000083800000, size: 1992 MB, Compressed Oops mode: 32-bit

CDS archive(s) mapped at: [0x0000000800000000-0x0000000800ba0000-0x0000000800ba0000), size 12189696, SharedBaseAddress: 0x0000000800000000, ArchiveRelocationMode: 0.
Compressed class space mapped at: 0x0000000800c00000-0x0000000840c00000, reserved size: 1073741824
Narrow klass base: 0x0000000800000000, Narrow klass shift: 0, Narrow klass range: 0x100000000

GC Precious Log:
 CardTable entry size: 512
 Card Set container configuration: InlinePtr #cards 5 size 8 Array Of Cards #cards 12 size 40 Howl #buckets 4 coarsen threshold 1843 Howl Bitmap #cards 512 size 80 coarsen threshold 460 Card regions per heap region 1 cards per card region 2048
 CPUs: 8 total, 8 available
 Memory: 7967M
 Large Page Support: Disabled
 NUMA Support: Disabled
 Compressed Oops: Enabled (32-bit)
 Heap Region Size: 1M
 Heap Min Capacity: 8M
 Heap Initial Capacity: 126M
 Heap Max Capacity: 1992M
 Pre-touch: Disabled
 Parallel Workers: 8
 Concurrent Workers: 2
 Concurrent Refinement Workers: 8
 Periodic GC: Disabled

Heap:
 garbage-first heap   total 122880K, used 74534K [0x0000000083800000, 0x0000000100000000)
  region size 1024K, 39 young (39936K), 1 survivors (1024K)
 Metaspace       used 69891K, committed 70464K, reserved 1114112K
  class space    used 8442K, committed 8704K, reserved 1048576K

Heap Regions: E=young(eden), S=young(survivor), O=old, HS=humongous(starts), HC=humongous(continues), CS=collection set, F=free, OA=open archive, CA=closed archive, TAMS=top-at-mark-start (previous, next)
|   0|0x0000000083800000, 0x0000000083900000, 0x0000000083900000|100%|HS|  |TAMS 0x0000000083900000, 0x0000000083800000| Complete 
|   1|0x0000000083900000, 0x0000000083a00000, 0x0000000083a00000|100%| O|  |TAMS 0x0000000083a00000, 0x0000000083900000| Untracked 
|   2|0x0000000083a00000, 0x0000000083b00000, 0x0000000083b00000|100%| O|  |TAMS 0x0000000083b00000, 0x0000000083a00000| Untracked 
|   3|0x0000000083b00000, 0x0000000083c00000, 0x0000000083c00000|100%| O|  |TAMS 0x0000000083c00000, 0x0000000083b00000| Untracked 
|   4|0x0000000083c00000, 0x0000000083d00000, 0x0000000083d00000|100%| O|  |TAMS 0x0000000083d00000, 0x0000000083c00000| Untracked 
|   5|0x0000000083d00000, 0x0000000083e00000, 0x0000000083e00000|100%| O|  |TAMS 0x0000000083e00000, 0x0000000083d00000| Untracked 
|   6|0x0000000083e00000, 0x0000000083f00000, 0x0000000083f00000|100%| O|  |TAMS 0x0000000083f00000, 0x0000000083e00000| Untracked 
|   7|0x0000000083f00000, 0x0000000084000000, 0x0000000084000000|100%| O|  |TAMS 0x0000000084000000, 0x0000000083f00000| Untracked 
|   8|0x0000000084000000, 0x0000000084100000, 0x0000000084100000|100%| O|  |TAMS 0x0000000084100000, 0x0000000084000000| Untracked 
|   9|0x0000000084100000, 0x0000000084200000, 0x0000000084200000|100%| O|  |TAMS 0x0000000084200000, 0x0000000084100000| Untracked 
|  10|0x0000000084200000, 0x0000000084300000, 0x0000000084300000|100%| O|  |TAMS 0x0000000084300000, 0x0000000084200000| Untracked 
|  11|0x0000000084300000, 0x0000000084400000, 0x0000000084400000|100%| O|  |TAMS 0x0000000084400000, 0x0000000084300000| Untracked 
|  12|0x0000000084400000, 0x0000000084500000, 0x0000000084500000|100%| O|  |TAMS 0x0000000084500000, 0x0000000084400000| Untracked 
|  13|0x0000000084500000, 0x0000000084600000, 0x0000000084600000|100%| O|  |TAMS 0x0000000084600000, 0x0000000084500000| Untracked 
|  14|0x0000000084600000, 0x0000000084700000, 0x0000000084700000|100%| O|  |TAMS 0x0000000084700000, 0x0000000084600000| Untracked 
|  15|0x0000000084700000, 0x0000000084797000, 0x0000000084800000| 58%| O|  |TAMS 0x0000000084789600, 0x0000000084700000| Untracked 
|  16|0x0000000084800000, 0x0000000084900000, 0x0000000084900000|100%| O|  |TAMS 0x0000000084900000, 0x0000000084800000| Untracked 
|  17|0x0000000084900000, 0x0000000084a00000, 0x0000000084a00000|100%| O|  |TAMS 0x0000000084a00000, 0x0000000084900000| Untracked 
|  18|0x0000000084a00000, 0x0000000084b00000, 0x0000000084b00000|100%| O|  |TAMS 0x0000000084b00000, 0x0000000084a00000| Untracked 
|  19|0x0000000084b00000, 0x0000000084c00000, 0x0000000084c00000|100%| O|  |TAMS 0x0000000084c00000, 0x0000000084b00000| Untracked 
|  20|0x0000000084c00000, 0x0000000084d00000, 0x0000000084d00000|100%| O|  |TAMS 0x0000000084d00000, 0x0000000084c00000| Untracked 
|  21|0x0000000084d00000, 0x0000000084e00000, 0x0000000084e00000|100%| O|  |TAMS 0x0000000084e00000, 0x0000000084d00000| Untracked 
|  22|0x0000000084e00000, 0x0000000084f00000, 0x0000000084f00000|100%| O|  |TAMS 0x0000000084f00000, 0x0000000084e00000| Untracked 
|  23|0x0000000084f00000, 0x0000000085000000, 0x0000000085000000|100%| O|  |TAMS 0x0000000085000000, 0x0000000084f00000| Untracked 
|  24|0x0000000085000000, 0x0000000085100000, 0x0000000085100000|100%| O|  |TAMS 0x0000000085100000, 0x0000000085000000| Untracked 
|  25|0x0000000085100000, 0x0000000085200000, 0x0000000085200000|100%| O|  |TAMS 0x0000000085200000, 0x0000000085100000| Untracked 
|  26|0x0000000085200000, 0x0000000085300000, 0x0000000085300000|100%| O|  |TAMS 0x0000000085300000, 0x0000000085200000| Untracked 
|  27|0x0000000085300000, 0x0000000085400000, 0x0000000085400000|100%| O|  |TAMS 0x0000000085400000, 0x0000000085300000| Untracked 
|  28|0x0000000085400000, 0x0000000085500000, 0x0000000085500000|100%| O|  |TAMS 0x0000000085500000, 0x0000000085400000| Untracked 
|  29|0x0000000085500000, 0x0000000085600000, 0x0000000085600000|100%| O|  |TAMS 0x0000000085600000, 0x0000000085500000| Untracked 
|  30|0x0000000085600000, 0x0000000085700000, 0x0000000085700000|100%| O|  |TAMS 0x0000000085700000, 0x0000000085600000| Untracked 
|  31|0x0000000085700000, 0x0000000085800000, 0x0000000085800000|100%| O|  |TAMS 0x0000000085800000, 0x0000000085700000| Untracked 
|  32|0x0000000085800000, 0x0000000085900000, 0x0000000085900000|100%| O|  |TAMS 0x0000000085900000, 0x0000000085800000| Untracked 
|  33|0x0000000085900000, 0x0000000085a00000, 0x0000000085a00000|100%| O|  |TAMS 0x0000000085a00000, 0x0000000085900000| Untracked 
|  34|0x0000000085a00000, 0x0000000085b00000, 0x0000000085b00000|100%| O|  |TAMS 0x0000000085b00000, 0x0000000085a00000| Untracked 
|  35|0x0000000085b00000, 0x0000000085c00000, 0x0000000085c00000|100%| O|  |TAMS 0x0000000085c00000, 0x0000000085b00000| Untracked 
|  36|0x0000000085c00000, 0x0000000085c00000, 0x0000000085d00000|  0%| F|  |TAMS 0x0000000085c00000, 0x0000000085c00000| Untracked 
|  37|0x0000000085d00000, 0x0000000085d00000, 0x0000000085e00000|  0%| F|  |TAMS 0x0000000085d00000, 0x0000000085d00000| Untracked 
|  38|0x0000000085e00000, 0x0000000085e00000, 0x0000000085f00000|  0%| F|  |TAMS 0x0000000085e00000, 0x0000000085e00000| Untracked 
|  39|0x0000000085f00000, 0x0000000085f00000, 0x0000000086000000|  0%| F|  |TAMS 0x0000000085f00000, 0x0000000085f00000| Untracked 
|  40|0x0000000086000000, 0x0000000086000000, 0x0000000086100000|  0%| F|  |TAMS 0x0000000086000000, 0x0000000086000000| Untracked 
|  41|0x0000000086100000, 0x0000000086100000, 0x0000000086200000|  0%| F|  |TAMS 0x0000000086100000, 0x0000000086100000| Untracked 
|  42|0x0000000086200000, 0x0000000086200000, 0x0000000086300000|  0%| F|  |TAMS 0x0000000086200000, 0x0000000086200000| Untracked 
|  43|0x0000000086300000, 0x0000000086300000, 0x0000000086400000|  0%| F|  |TAMS 0x0000000086300000, 0x0000000086300000| Untracked 
|  44|0x0000000086400000, 0x0000000086400000, 0x0000000086500000|  0%| F|  |TAMS 0x0000000086400000, 0x0000000086400000| Untracked 
|  45|0x0000000086500000, 0x0000000086500000, 0x0000000086600000|  0%| F|  |TAMS 0x0000000086500000, 0x0000000086500000| Untracked 
|  46|0x0000000086600000, 0x0000000086600000, 0x0000000086700000|  0%| F|  |TAMS 0x0000000086600000, 0x0000000086600000| Untracked 
|  47|0x0000000086700000, 0x0000000086700000, 0x0000000086800000|  0%| F|  |TAMS 0x0000000086700000, 0x0000000086700000| Untracked 
|  48|0x0000000086800000, 0x0000000086832910, 0x0000000086900000| 19%| S|CS|TAMS 0x0000000086800000, 0x0000000086800000| Complete 
|  49|0x0000000086900000, 0x0000000086900000, 0x0000000086a00000|  0%| F|  |TAMS 0x0000000086900000, 0x0000000086900000| Untracked 
|  50|0x0000000086a00000, 0x0000000086a00000, 0x0000000086b00000|  0%| F|  |TAMS 0x0000000086a00000, 0x0000000086a00000| Untracked 
|  51|0x0000000086b00000, 0x0000000086b00000, 0x0000000086c00000|  0%| F|  |TAMS 0x0000000086b00000, 0x0000000086b00000| Untracked 
|  52|0x0000000086c00000, 0x0000000086c00000, 0x0000000086d00000|  0%| F|  |TAMS 0x0000000086c00000, 0x0000000086c00000| Untracked 
|  53|0x0000000086d00000, 0x0000000086d00000, 0x0000000086e00000|  0%| F|  |TAMS 0x0000000086d00000, 0x0000000086d00000| Untracked 
|  54|0x0000000086e00000, 0x0000000086e00000, 0x0000000086f00000|  0%| F|  |TAMS 0x0000000086e00000, 0x0000000086e00000| Untracked 
|  55|0x0000000086f00000, 0x0000000086f00000, 0x0000000087000000|  0%| F|  |TAMS 0x0000000086f00000, 0x0000000086f00000| Untracked 
|  56|0x0000000087000000, 0x0000000087000000, 0x0000000087100000|  0%| F|  |TAMS 0x0000000087000000, 0x0000000087000000| Untracked 
|  57|0x0000000087100000, 0x0000000087100000, 0x0000000087200000|  0%| F|  |TAMS 0x0000000087100000, 0x0000000087100000| Untracked 
|  58|0x0000000087200000, 0x0000000087200000, 0x0000000087300000|  0%| F|  |TAMS 0x0000000087200000, 0x0000000087200000| Untracked 
|  59|0x0000000087300000, 0x0000000087300000, 0x0000000087400000|  0%| F|  |TAMS 0x0000000087300000, 0x0000000087300000| Untracked 
|  60|0x0000000087400000, 0x0000000087400000, 0x0000000087500000|  0%| F|  |TAMS 0x0000000087400000, 0x0000000087400000| Untracked 
|  61|0x0000000087500000, 0x0000000087500000, 0x0000000087600000|  0%| F|  |TAMS 0x0000000087500000, 0x0000000087500000| Untracked 
|  62|0x0000000087600000, 0x0000000087600000, 0x0000000087700000|  0%| F|  |TAMS 0x0000000087600000, 0x0000000087600000| Untracked 
|  63|0x0000000087700000, 0x0000000087700000, 0x0000000087800000|  0%| F|  |TAMS 0x0000000087700000, 0x0000000087700000| Untracked 
|  64|0x0000000087800000, 0x0000000087800000, 0x0000000087900000|  0%| F|  |TAMS 0x0000000087800000, 0x0000000087800000| Untracked 
|  65|0x0000000087900000, 0x0000000087900000, 0x0000000087a00000|  0%| F|  |TAMS 0x0000000087900000, 0x0000000087900000| Untracked 
|  66|0x0000000087a00000, 0x0000000087a00000, 0x0000000087b00000|  0%| F|  |TAMS 0x0000000087a00000, 0x0000000087a00000| Untracked 
|  67|0x0000000087b00000, 0x0000000087b00000, 0x0000000087c00000|  0%| F|  |TAMS 0x0000000087b00000, 0x0000000087b00000| Untracked 
|  68|0x0000000087c00000, 0x0000000087c00000, 0x0000000087d00000|  0%| F|  |TAMS 0x0000000087c00000, 0x0000000087c00000| Untracked 
|  69|0x0000000087d00000, 0x0000000087d00000, 0x0000000087e00000|  0%| F|  |TAMS 0x0000000087d00000, 0x0000000087d00000| Untracked 
|  70|0x0000000087e00000, 0x0000000087e00000, 0x0000000087f00000|  0%| F|  |TAMS 0x0000000087e00000, 0x0000000087e00000| Untracked 
|  71|0x0000000087f00000, 0x0000000087f00000, 0x0000000088000000|  0%| F|  |TAMS 0x0000000087f00000, 0x0000000087f00000| Untracked 
|  72|0x0000000088000000, 0x0000000088000000, 0x0000000088100000|  0%| F|  |TAMS 0x0000000088000000, 0x0000000088000000| Untracked 
|  73|0x0000000088100000, 0x0000000088100000, 0x0000000088200000|  0%| F|  |TAMS 0x0000000088100000, 0x0000000088100000| Untracked 
|  74|0x0000000088200000, 0x0000000088200000, 0x0000000088300000|  0%| F|  |TAMS 0x0000000088200000, 0x0000000088200000| Untracked 
|  75|0x0000000088300000, 0x0000000088300000, 0x0000000088400000|  0%| F|  |TAMS 0x0000000088300000, 0x0000000088300000| Untracked 
|  76|0x0000000088400000, 0x0000000088400000, 0x0000000088500000|  0%| F|  |TAMS 0x0000000088400000, 0x0000000088400000| Untracked 
|  77|0x0000000088500000, 0x0000000088500000, 0x0000000088600000|  0%| F|  |TAMS 0x0000000088500000, 0x0000000088500000| Untracked 
|  78|0x0000000088600000, 0x0000000088600000, 0x0000000088700000|  0%| F|  |TAMS 0x0000000088600000, 0x0000000088600000| Untracked 
|  79|0x0000000088700000, 0x0000000088700000, 0x0000000088800000|  0%| F|  |TAMS 0x0000000088700000, 0x0000000088700000| Untracked 
|  80|0x0000000088800000, 0x0000000088800000, 0x0000000088900000|  0%| F|  |TAMS 0x0000000088800000, 0x0000000088800000| Untracked 
|  81|0x0000000088900000, 0x0000000088900000, 0x0000000088a00000|  0%| F|  |TAMS 0x0000000088900000, 0x0000000088900000| Untracked 
|  82|0x0000000088a00000, 0x0000000088a8b258, 0x0000000088b00000| 54%| E|  |TAMS 0x0000000088a00000, 0x0000000088a00000| Complete 
|  83|0x0000000088b00000, 0x0000000088c00000, 0x0000000088c00000|100%| E|CS|TAMS 0x0000000088b00000, 0x0000000088b00000| Complete 
|  84|0x0000000088c00000, 0x0000000088d00000, 0x0000000088d00000|100%| E|CS|TAMS 0x0000000088c00000, 0x0000000088c00000| Complete 
|  85|0x0000000088d00000, 0x0000000088e00000, 0x0000000088e00000|100%| E|CS|TAMS 0x0000000088d00000, 0x0000000088d00000| Complete 
|  86|0x0000000088e00000, 0x0000000088f00000, 0x0000000088f00000|100%| E|CS|TAMS 0x0000000088e00000, 0x0000000088e00000| Complete 
|  87|0x0000000088f00000, 0x0000000089000000, 0x0000000089000000|100%| E|CS|TAMS 0x0000000088f00000, 0x0000000088f00000| Complete 
|  88|0x0000000089000000, 0x0000000089100000, 0x0000000089100000|100%| E|CS|TAMS 0x0000000089000000, 0x0000000089000000| Complete 
|  89|0x0000000089100000, 0x0000000089200000, 0x0000000089200000|100%| E|CS|TAMS 0x0000000089100000, 0x0000000089100000| Complete 
|  90|0x0000000089200000, 0x0000000089300000, 0x0000000089300000|100%| E|CS|TAMS 0x0000000089200000, 0x0000000089200000| Complete 
|  91|0x0000000089300000, 0x0000000089400000, 0x0000000089400000|100%| E|CS|TAMS 0x0000000089300000, 0x0000000089300000| Complete 
|  92|0x0000000089400000, 0x0000000089500000, 0x0000000089500000|100%| E|CS|TAMS 0x0000000089400000, 0x0000000089400000| Complete 
|  93|0x0000000089500000, 0x0000000089600000, 0x0000000089600000|100%| E|CS|TAMS 0x0000000089500000, 0x0000000089500000| Complete 
|  94|0x0000000089600000, 0x0000000089700000, 0x0000000089700000|100%| E|CS|TAMS 0x0000000089600000, 0x0000000089600000| Complete 
|  95|0x0000000089700000, 0x0000000089800000, 0x0000000089800000|100%| E|CS|TAMS 0x0000000089700000, 0x0000000089700000| Complete 
|  96|0x0000000089800000, 0x0000000089900000, 0x0000000089900000|100%| E|CS|TAMS 0x0000000089800000, 0x0000000089800000| Complete 
|  97|0x0000000089900000, 0x0000000089a00000, 0x0000000089a00000|100%| E|CS|TAMS 0x0000000089900000, 0x0000000089900000| Complete 
|  98|0x0000000089a00000, 0x0000000089b00000, 0x0000000089b00000|100%| E|CS|TAMS 0x0000000089a00000, 0x0000000089a00000| Complete 
|  99|0x0000000089b00000, 0x0000000089c00000, 0x0000000089c00000|100%| E|CS|TAMS 0x0000000089b00000, 0x0000000089b00000| Complete 
| 100|0x0000000089c00000, 0x0000000089d00000, 0x0000000089d00000|100%| E|CS|TAMS 0x0000000089c00000, 0x0000000089c00000| Complete 
| 101|0x0000000089d00000, 0x0000000089e00000, 0x0000000089e00000|100%| E|CS|TAMS 0x0000000089d00000, 0x0000000089d00000| Complete 
| 102|0x0000000089e00000, 0x0000000089f00000, 0x0000000089f00000|100%| E|CS|TAMS 0x0000000089e00000, 0x0000000089e00000| Complete 
| 103|0x0000000089f00000, 0x000000008a000000, 0x000000008a000000|100%| E|CS|TAMS 0x0000000089f00000, 0x0000000089f00000| Complete 
| 104|0x000000008a000000, 0x000000008a100000, 0x000000008a100000|100%| E|CS|TAMS 0x000000008a000000, 0x000000008a000000| Complete 
| 105|0x000000008a100000, 0x000000008a200000, 0x000000008a200000|100%| E|CS|TAMS 0x000000008a100000, 0x000000008a100000| Complete 
| 106|0x000000008a200000, 0x000000008a300000, 0x000000008a300000|100%| E|CS|TAMS 0x000000008a200000, 0x000000008a200000| Complete 
| 107|0x000000008a300000, 0x000000008a400000, 0x000000008a400000|100%| E|CS|TAMS 0x000000008a300000, 0x000000008a300000| Complete 
| 108|0x000000008a400000, 0x000000008a500000, 0x000000008a500000|100%| E|CS|TAMS 0x000000008a400000, 0x000000008a400000| Complete 
| 109|0x000000008a500000, 0x000000008a600000, 0x000000008a600000|100%| E|CS|TAMS 0x000000008a500000, 0x000000008a500000| Complete 
| 110|0x000000008a600000, 0x000000008a700000, 0x000000008a700000|100%| E|CS|TAMS 0x000000008a600000, 0x000000008a600000| Complete 
| 111|0x000000008a700000, 0x000000008a800000, 0x000000008a800000|100%| E|CS|TAMS 0x000000008a700000, 0x000000008a700000| Complete 
| 112|0x000000008a800000, 0x000000008a900000, 0x000000008a900000|100%| E|CS|TAMS 0x000000008a800000, 0x000000008a800000| Complete 
| 113|0x000000008a900000, 0x000000008aa00000, 0x000000008aa00000|100%| E|CS|TAMS 0x000000008a900000, 0x000000008a900000| Complete 
| 114|0x000000008aa00000, 0x000000008ab00000, 0x000000008ab00000|100%| E|CS|TAMS 0x000000008aa00000, 0x000000008aa00000| Complete 
| 115|0x000000008ab00000, 0x000000008ac00000, 0x000000008ac00000|100%| E|CS|TAMS 0x000000008ab00000, 0x000000008ab00000| Complete 
| 116|0x000000008ac00000, 0x000000008ad00000, 0x000000008ad00000|100%| E|CS|TAMS 0x000000008ac00000, 0x000000008ac00000| Complete 
| 117|0x000000008ad00000, 0x000000008ae00000, 0x000000008ae00000|100%| E|CS|TAMS 0x000000008ad00000, 0x000000008ad00000| Complete 
| 118|0x000000008ae00000, 0x000000008af00000, 0x000000008af00000|100%| E|CS|TAMS 0x000000008ae00000, 0x000000008ae00000| Complete 
| 125|0x000000008b500000, 0x000000008b600000, 0x000000008b600000|100%| E|CS|TAMS 0x000000008b500000, 0x000000008b500000| Complete 

Card table byte_map: [0x000001fb55a90000,0x000001fb55e80000] _byte_map_base: 0x000001fb55674000

Marking Bits (Prev, Next): (CMBitMap*) 0x000001fb3eabf4a0, (CMBitMap*) 0x000001fb3eabf4e0
 Prev Bits: [0x000001fb56270000, 0x000001fb58190000)
 Next Bits: [0x000001fb58190000, 0x000001fb5a0b0000)

Polling page: 0x000001fb3c9a0000

Metaspace:

Usage:
  Non-class:     60.01 MB used.
      Class:      8.24 MB used.
       Both:     68.25 MB used.

Virtual space:
  Non-class space:       64.00 MB reserved,      60.31 MB ( 94%) committed,  1 nodes.
      Class space:        1.00 GB reserved,       8.50 MB ( <1%) committed,  1 nodes.
             Both:        1.06 GB reserved,      68.81 MB (  6%) committed. 

Chunk freelists:
   Non-Class:  2.92 MB
       Class:  3.44 MB
        Both:  6.37 MB

MaxMetaspaceSize: unlimited
CompressedClassSpaceSize: 1.00 GB
Initial GC threshold: 21.00 MB
Current GC threshold: 114.50 MB
CDS: on
MetaspaceReclaimPolicy: balanced
 - commit_granule_bytes: 65536.
 - commit_granule_words: 8192.
 - virtual_space_node_default_size: 8388608.
 - enlarge_chunks_in_place: 1.
 - new_chunks_are_fully_committed: 0.
 - uncommit_free_chunks: 1.
 - use_allocation_guard: 0.


Internal statistics:

num_allocs_failed_limit: 11.
num_arena_births: 898.
num_arena_deaths: 36.
num_vsnodes_births: 2.
num_vsnodes_deaths: 0.
num_space_committed: 1101.
num_space_uncommitted: 0.
num_chunks_returned_to_freelist: 62.
num_chunks_taken_from_freelist: 3545.
num_chunk_merges: 19.
num_chunk_splits: 2424.
num_chunks_enlarged: 1839.
num_inconsistent_stats: 0.

CodeHeap 'non-profiled nmethods': size=120000Kb used=10724Kb max_used=10724Kb free=109276Kb
 bounds [0x000001fb4de40000, 0x000001fb4e8c0000, 0x000001fb55370000]
CodeHeap 'profiled nmethods': size=120000Kb used=21656Kb max_used=25365Kb free=98343Kb
 bounds [0x000001fb46910000, 0x000001fb48210000, 0x000001fb4de40000]
CodeHeap 'non-nmethods': size=5760Kb used=1379Kb max_used=1440Kb free=4380Kb
 bounds [0x000001fb46370000, 0x000001fb465e0000, 0x000001fb46910000]
 total_blobs=12222 nmethods=11537 adapters=596
 compilation: enabled
              stopped_count=0, restarted_count=0
 full_count=0

Compilation events (20 events):
Event: 859.737 Thread 0x000001fb5cacf000 nmethod 14358 0x000001fb4e8b8110 code [0x000001fb4e8b8280, 0x000001fb4e8b8338]
Event: 859.892 Thread 0x000001fb5cacf000 14359       4       org.springframework.context.event.SimpleApplicationEventMulticaster::multicastEvent (90 bytes)
Event: 859.930 Thread 0x000001fb5caddbe0 14360       3       java.lang.Module::getLayer (43 bytes)
Event: 859.931 Thread 0x000001fb5caddbe0 nmethod 14360 0x000001fb46cb1410 code [0x000001fb46cb15e0, 0x000001fb46cb19a8]
Event: 859.942 Thread 0x000001fb5caddbe0 14361       3       ch.qos.logback.core.pattern.LiteralConverter::convert (5 bytes)
Event: 859.942 Thread 0x000001fb5caddbe0 nmethod 14361 0x000001fb46962090 code [0x000001fb46962220, 0x000001fb46962338]
Event: 859.943 Thread 0x000001fb5caddbe0 14362       3       java.lang.StringBuilder::append (8 bytes)
Event: 859.943 Thread 0x000001fb5caddbe0 nmethod 14362 0x000001fb46d7b090 code [0x000001fb46d7b220, 0x000001fb46d7b368]
Event: 859.950 Thread 0x000001fb5caddbe0 14363       3       ch.qos.logback.classic.spi.StackTraceElementProxy::toString (5 bytes)
Event: 859.950 Thread 0x000001fb5caddbe0 nmethod 14363 0x000001fb46e5c890 code [0x000001fb46e5ca20, 0x000001fb46e5cb68]
Event: 859.950 Thread 0x000001fb5caddbe0 14364       3       ch.qos.logback.classic.spi.StackTraceElementProxy::getSTEAsString (41 bytes)
Event: 859.952 Thread 0x000001fb5caddbe0 nmethod 14364 0x000001fb46cc2b10 code [0x000001fb46cc2d40, 0x000001fb46cc3378]
Event: 859.952 Thread 0x000001fb5caddbe0 14365       1       ch.qos.logback.classic.spi.StackTraceElementProxy::getClassPackagingData (5 bytes)
Event: 859.953 Thread 0x000001fb5caddbe0 nmethod 14365 0x000001fb4e8b8410 code [0x000001fb4e8b85a0, 0x000001fb4e8b8678]
Event: 859.953 Thread 0x000001fb5caddbe0 14366       1       ch.qos.logback.classic.spi.ClassPackagingData::isExact (5 bytes)
Event: 859.953 Thread 0x000001fb5caddbe0 nmethod 14366 0x000001fb4e8b8710 code [0x000001fb4e8b88a0, 0x000001fb4e8b8978]
Event: 859.953 Thread 0x000001fb5caddbe0 14367       1       ch.qos.logback.classic.spi.ClassPackagingData::getCodeLocation (5 bytes)
Event: 859.953 Thread 0x000001fb5caddbe0 nmethod 14367 0x000001fb4e8b8a10 code [0x000001fb4e8b8ba0, 0x000001fb4e8b8c78]
Event: 859.953 Thread 0x000001fb5caddbe0 14368       1       ch.qos.logback.classic.spi.ClassPackagingData::getVersion (5 bytes)
Event: 859.953 Thread 0x000001fb5caddbe0 nmethod 14368 0x000001fb4e8b8d10 code [0x000001fb4e8b8ea0, 0x000001fb4e8b8f78]

GC Heap History (20 events):
Event: 853.043 GC heap before
{Heap before GC invocations=198 (full 0):
 garbage-first heap   total 122880K, used 108415K [0x0000000083800000, 0x0000000100000000)
  region size 1024K, 71 young (72704K), 1 survivors (1024K)
 Metaspace       used 69843K, committed 70400K, reserved 1114112K
  class space    used 8435K, committed 8704K, reserved 1048576K
}
Event: 853.045 GC heap after
{Heap after GC invocations=199 (full 0):
 garbage-first heap   total 122880K, used 36582K [0x0000000083800000, 0x0000000100000000)
  region size 1024K, 1 young (1024K), 1 survivors (1024K)
 Metaspace       used 69843K, committed 70400K, reserved 1114112K
  class space    used 8435K, committed 8704K, reserved 1048576K
}
Event: 853.793 GC heap before
{Heap before GC invocations=200 (full 0):
 garbage-first heap   total 122880K, used 107238K [0x0000000083800000, 0x0000000100000000)
  region size 1024K, 71 young (72704K), 1 survivors (1024K)
 Metaspace       used 69843K, committed 70400K, reserved 1114112K
  class space    used 8435K, committed 8704K, reserved 1048576K
}
Event: 853.795 GC heap after
{Heap after GC invocations=201 (full 0):
 garbage-first heap   total 122880K, used 36600K [0x0000000083800000, 0x0000000100000000)
  region size 1024K, 1 young (1024K), 1 survivors (1024K)
 Metaspace       used 69843K, committed 70400K, reserved 1114112K
  class space    used 8435K, committed 8704K, reserved 1048576K
}
Event: 854.514 GC heap before
{Heap before GC invocations=201 (full 0):
 garbage-first heap   total 122880K, used 108280K [0x0000000083800000, 0x0000000100000000)
  region size 1024K, 71 young (72704K), 1 survivors (1024K)
 Metaspace       used 69843K, committed 70400K, reserved 1114112K
  class space    used 8435K, committed 8704K, reserved 1048576K
}
Event: 854.516 GC heap after
{Heap after GC invocations=202 (full 0):
 garbage-first heap   total 122880K, used 36607K [0x0000000083800000, 0x0000000100000000)
  region size 1024K, 1 young (1024K), 1 survivors (1024K)
 Metaspace       used 69843K, committed 70400K, reserved 1114112K
  class space    used 8435K, committed 8704K, reserved 1048576K
}
Event: 855.222 GC heap before
{Heap before GC invocations=203 (full 0):
 garbage-first heap   total 122880K, used 107263K [0x0000000083800000, 0x0000000100000000)
  region size 1024K, 71 young (72704K), 1 survivors (1024K)
 Metaspace       used 69843K, committed 70400K, reserved 1114112K
  class space    used 8435K, committed 8704K, reserved 1048576K
}
Event: 855.224 GC heap after
{Heap after GC invocations=204 (full 0):
 garbage-first heap   total 122880K, used 36627K [0x0000000083800000, 0x0000000100000000)
  region size 1024K, 1 young (1024K), 1 survivors (1024K)
 Metaspace       used 69843K, committed 70400K, reserved 1114112K
  class space    used 8435K, committed 8704K, reserved 1048576K
}
Event: 856.044 GC heap before
{Heap before GC invocations=204 (full 0):
 garbage-first heap   total 122880K, used 107283K [0x0000000083800000, 0x0000000100000000)
  region size 1024K, 71 young (72704K), 1 survivors (1024K)
 Metaspace       used 69843K, committed 70400K, reserved 1114112K
  class space    used 8435K, committed 8704K, reserved 1048576K
}
Event: 856.047 GC heap after
{Heap after GC invocations=205 (full 0):
 garbage-first heap   total 122880K, used 36578K [0x0000000083800000, 0x0000000100000000)
  region size 1024K, 1 young (1024K), 1 survivors (1024K)
 Metaspace       used 69843K, committed 70400K, reserved 1114112K
  class space    used 8435K, committed 8704K, reserved 1048576K
}
Event: 856.822 GC heap before
{Heap before GC invocations=206 (full 0):
 garbage-first heap   total 122880K, used 108258K [0x0000000083800000, 0x0000000100000000)
  region size 1024K, 71 young (72704K), 1 survivors (1024K)
 Metaspace       used 69843K, committed 70400K, reserved 1114112K
  class space    used 8435K, committed 8704K, reserved 1048576K
}
Event: 856.824 GC heap after
{Heap after GC invocations=207 (full 0):
 garbage-first heap   total 122880K, used 36631K [0x0000000083800000, 0x0000000100000000)
  region size 1024K, 1 young (1024K), 1 survivors (1024K)
 Metaspace       used 69843K, committed 70400K, reserved 1114112K
  class space    used 8435K, committed 8704K, reserved 1048576K
}
Event: 857.574 GC heap before
{Heap before GC invocations=207 (full 0):
 garbage-first heap   total 122880K, used 108311K [0x0000000083800000, 0x0000000100000000)
  region size 1024K, 71 young (72704K), 1 survivors (1024K)
 Metaspace       used 69843K, committed 70400K, reserved 1114112K
  class space    used 8435K, committed 8704K, reserved 1048576K
}
Event: 857.576 GC heap after
{Heap after GC invocations=208 (full 0):
 garbage-first heap   total 122880K, used 36614K [0x0000000083800000, 0x0000000100000000)
  region size 1024K, 1 young (1024K), 1 survivors (1024K)
 Metaspace       used 69843K, committed 70400K, reserved 1114112K
  class space    used 8435K, committed 8704K, reserved 1048576K
}
Event: 858.333 GC heap before
{Heap before GC invocations=209 (full 0):
 garbage-first heap   total 122880K, used 107270K [0x0000000083800000, 0x0000000100000000)
  region size 1024K, 71 young (72704K), 1 survivors (1024K)
 Metaspace       used 69843K, committed 70400K, reserved 1114112K
  class space    used 8435K, committed 8704K, reserved 1048576K
}
Event: 858.335 GC heap after
{Heap after GC invocations=210 (full 0):
 garbage-first heap   total 122880K, used 36622K [0x0000000083800000, 0x0000000100000000)
  region size 1024K, 1 young (1024K), 1 survivors (1024K)
 Metaspace       used 69843K, committed 70400K, reserved 1114112K
  class space    used 8435K, committed 8704K, reserved 1048576K
}
Event: 859.055 GC heap before
{Heap before GC invocations=210 (full 0):
 garbage-first heap   total 122880K, used 108302K [0x0000000083800000, 0x0000000100000000)
  region size 1024K, 71 young (72704K), 1 survivors (1024K)
 Metaspace       used 69844K, committed 70400K, reserved 1114112K
  class space    used 8435K, committed 8704K, reserved 1048576K
}
Event: 859.058 GC heap after
{Heap after GC invocations=211 (full 0):
 garbage-first heap   total 122880K, used 36579K [0x0000000083800000, 0x0000000100000000)
  region size 1024K, 1 young (1024K), 1 survivors (1024K)
 Metaspace       used 69844K, committed 70400K, reserved 1114112K
  class space    used 8435K, committed 8704K, reserved 1048576K
}
Event: 859.684 GC heap before
{Heap before GC invocations=212 (full 0):
 garbage-first heap   total 122880K, used 107235K [0x0000000083800000, 0x0000000100000000)
  region size 1024K, 71 young (72704K), 1 survivors (1024K)
 Metaspace       used 69844K, committed 70400K, reserved 1114112K
  class space    used 8435K, committed 8704K, reserved 1048576K
}
Event: 859.687 GC heap after
{Heap after GC invocations=213 (full 0):
 garbage-first heap   total 122880K, used 36646K [0x0000000083800000, 0x0000000100000000)
  region size 1024K, 1 young (1024K), 1 survivors (1024K)
 Metaspace       used 69844K, committed 70400K, reserved 1114112K
  class space    used 8435K, committed 8704K, reserved 1048576K
}

Deoptimization events (20 events):
Event: 859.936 Thread 0x000001fb6404ade0 Uncommon trap: trap_request=0xfffffff4 fr.pc=0x000001fb4e0e06d0 relative=0x0000000000000170
Event: 859.936 Thread 0x000001fb6404ade0 Uncommon trap: reason=null_check action=make_not_entrant pc=0x000001fb4e0e06d0 method=java.lang.ClassLoader.definePackage(Ljava/lang/String;Ljava/lang/Module;)Ljava/lang/Package; @ 50 c2
Event: 859.936 Thread 0x000001fb6404ade0 DEOPT PACKING pc=0x000001fb4e0e06d0 sp=0x000000046a7fe020
Event: 859.936 Thread 0x000001fb6404ade0 DEOPT UNPACKING pc=0x000001fb463c5c23 sp=0x000000046a7fdfe8 mode 2
Event: 859.938 Thread 0x000001fb6404ade0 Uncommon trap: trap_request=0xffffffde fr.pc=0x000001fb4e160acc relative=0x000000000000266c
Event: 859.938 Thread 0x000001fb6404ade0 Uncommon trap: reason=class_check action=maybe_recompile pc=0x000001fb4e160acc method=jdk.internal.loader.BuiltinClassLoader.defineClass(Ljava/lang/String;Ljdk/internal/loader/Resource;)Ljava/lang/Class; @ 1 c2
Event: 859.938 Thread 0x000001fb6404ade0 DEOPT PACKING pc=0x000001fb4e160acc sp=0x000000046a7fded0
Event: 859.938 Thread 0x000001fb6404ade0 DEOPT UNPACKING pc=0x000001fb463c5c23 sp=0x000000046a7fdee8 mode 2
Event: 859.939 Thread 0x000001fb6404ade0 Uncommon trap: trap_request=0xffffff45 fr.pc=0x000001fb4e154458 relative=0x0000000000001bd8
Event: 859.939 Thread 0x000001fb6404ade0 Uncommon trap: reason=unstable_if action=reinterpret pc=0x000001fb4e154458 method=jdk.internal.loader.BuiltinClassLoader.defineOrCheckPackage(Ljava/lang/String;Ljava/util/jar/Manifest;Ljava/net/URL;)Ljava/lang/Package; @ 15 c2
Event: 859.939 Thread 0x000001fb6404ade0 DEOPT PACKING pc=0x000001fb4e154458 sp=0x000000046a7fde00
Event: 859.939 Thread 0x000001fb6404ade0 DEOPT UNPACKING pc=0x000001fb463c5c23 sp=0x000000046a7fde10 mode 2
Event: 859.942 Thread 0x000001fb6404ade0 Uncommon trap: trap_request=0xffffff45 fr.pc=0x000001fb4de81e50 relative=0x00000000000005b0
Event: 859.942 Thread 0x000001fb6404ade0 Uncommon trap: reason=unstable_if action=reinterpret pc=0x000001fb4de81e50 method=java.lang.AbstractStringBuilder.append(Ljava/lang/String;)Ljava/lang/AbstractStringBuilder; @ 1 c2
Event: 859.942 Thread 0x000001fb6404ade0 DEOPT PACKING pc=0x000001fb4de81e50 sp=0x000000046a7fdce0
Event: 859.942 Thread 0x000001fb6404ade0 DEOPT UNPACKING pc=0x000001fb463c5c23 sp=0x000000046a7fdc60 mode 2
Event: 859.946 Thread 0x000001fb6404a910 Uncommon trap: trap_request=0x0000004a fr.pc=0x000001fb4e222f34 relative=0x00000000000004b4
Event: 859.946 Thread 0x000001fb6404a910 Uncommon trap: reason=unloaded action=reinterpret pc=0x000001fb4e222f34 method=jdk.internal.reflect.DirectConstructorHandleAccessor.newInstance([Ljava/lang/Object;)Ljava/lang/Object; @ 138 c2
Event: 859.946 Thread 0x000001fb6404a910 DEOPT PACKING pc=0x000001fb4e222f34 sp=0x000000046a8fccb0
Event: 859.947 Thread 0x000001fb6404a910 DEOPT UNPACKING pc=0x000001fb463c5c23 sp=0x000000046a8fcc50 mode 2

Classes loaded (20 events):
Event: 53.783 Loading class java/util/concurrent/locks/ReentrantReadWriteLock$Sync$HoldCounter
Event: 53.783 Loading class java/util/concurrent/locks/ReentrantReadWriteLock$Sync$HoldCounter done
Event: 401.605 Loading class sun/reflect/generics/tree/LongSignature
Event: 401.606 Loading class sun/reflect/generics/tree/LongSignature done
Event: 401.689 Loading class java/math/BigDecimal$StringBuilderHelper
Event: 401.689 Loading class java/math/BigDecimal$StringBuilderHelper done
Event: 412.150 Loading class jdk/internal/reflect/MethodHandleBooleanFieldAccessorImpl
Event: 412.151 Loading class jdk/internal/reflect/MethodHandleBooleanFieldAccessorImpl done
Event: 599.425 Loading class jdk/internal/reflect/MethodHandleDoubleFieldAccessorImpl
Event: 599.426 Loading class jdk/internal/reflect/MethodHandleDoubleFieldAccessorImpl done
Event: 773.259 Loading class java/util/concurrent/ConcurrentLinkedQueue$Itr
Event: 773.274 Loading class java/util/concurrent/ConcurrentLinkedQueue$Itr done
Event: 796.373 Loading class sun/util/locale/LocaleExtensions
Event: 796.376 Loading class sun/util/locale/LocaleExtensions done
Event: 859.914 Loading class java/util/zip/DataFormatException
Event: 859.915 Loading class java/util/zip/DataFormatException done
Event: 859.928 Loading class sun/reflect/Reflection
Event: 859.929 Loading class sun/reflect/Reflection done
Event: 859.933 Loading class jdk/internal/loader/BootLoader$PackageHelper
Event: 859.935 Loading class jdk/internal/loader/BootLoader$PackageHelper done

Classes unloaded (18 events):
Event: 7.749 Thread 0x000001fb3ead64d0 Unloading class 0x0000000801029400 'jdk/internal/reflect/GeneratedSerializationConstructorAccessor5'
Event: 7.749 Thread 0x000001fb3ead64d0 Unloading class 0x0000000801012400 'jdk/internal/reflect/GeneratedSerializationConstructorAccessor4'
Event: 7.749 Thread 0x000001fb3ead64d0 Unloading class 0x0000000801005000 'jdk/internal/reflect/GeneratedSerializationConstructorAccessor3'
Event: 7.749 Thread 0x000001fb3ead64d0 Unloading class 0x0000000800fd8c00 'jdk/internal/reflect/GeneratedSerializationConstructorAccessor2'
Event: 7.749 Thread 0x000001fb3ead64d0 Unloading class 0x0000000800fd8800 'jdk/internal/reflect/GeneratedSerializationConstructorAccessor1'
Event: 599.324 Thread 0x000001fb3ead64d0 Unloading class 0x000000080145d800 'java/lang/invoke/LambdaForm$DMH+0x000000080145d800'
Event: 599.324 Thread 0x000001fb3ead64d0 Unloading class 0x000000080145dc00 'java/lang/invoke/LambdaForm$DMH+0x000000080145dc00'
Event: 599.324 Thread 0x000001fb3ead64d0 Unloading class 0x000000080145d400 'java/lang/invoke/LambdaForm$DMH+0x000000080145d400'
Event: 599.324 Thread 0x000001fb3ead64d0 Unloading class 0x000000080145cc00 'java/lang/invoke/LambdaForm$DMH+0x000000080145cc00'
Event: 599.324 Thread 0x000001fb3ead64d0 Unloading class 0x000000080145c800 'java/lang/invoke/LambdaForm$DMH+0x000000080145c800'
Event: 599.324 Thread 0x000001fb3ead64d0 Unloading class 0x000000080145c400 'java/lang/invoke/LambdaForm$DMH+0x000000080145c400'
Event: 599.324 Thread 0x000001fb3ead64d0 Unloading class 0x0000000801450c00 'java/lang/invoke/LambdaForm$MH+0x0000000801450c00'
Event: 599.324 Thread 0x000001fb3ead64d0 Unloading class 0x000000080144e400 'java/lang/invoke/LambdaForm$MH+0x000000080144e400'
Event: 599.324 Thread 0x000001fb3ead64d0 Unloading class 0x000000080144d800 'java/lang/invoke/LambdaForm$MH+0x000000080144d800'
Event: 599.324 Thread 0x000001fb3ead64d0 Unloading class 0x000000080144cc00 'java/lang/invoke/LambdaForm$MH+0x000000080144cc00'
Event: 599.324 Thread 0x000001fb3ead64d0 Unloading class 0x000000080144c400 'java/lang/invoke/LambdaForm$DMH+0x000000080144c400'
Event: 599.324 Thread 0x000001fb3ead64d0 Unloading class 0x0000000801445000 'java/lang/invoke/LambdaForm$MH+0x0000000801445000'
Event: 599.324 Thread 0x000001fb3ead64d0 Unloading class 0x0000000801444400 'java/lang/invoke/LambdaForm$DMH+0x0000000801444400'

Classes redefined (0 events):
No events

Internal exceptions (20 events):
Event: 401.722 Thread 0x000001fb621fe3d0 Exception <a 'java/lang/IncompatibleClassChangeError'{0x0000000086aa83f8}: Found class java.lang.Object, but interface was expected> (0x0000000086aa83f8) 
thrown [s\open\src\hotspot\share\interpreter\linkResolver.cpp, line 826]
Event: 401.732 Thread 0x000001fb621fe3d0 Exception <a 'java/lang/IncompatibleClassChangeError'{0x0000000086acf9b0}: Found class java.lang.Object, but interface was expected> (0x0000000086acf9b0) 
thrown [s\open\src\hotspot\share\interpreter\linkResolver.cpp, line 826]
Event: 401.732 Thread 0x000001fb621fe3d0 Exception <a 'java/lang/NoSuchMethodError'{0x0000000086ad0d90}: 'long java.lang.invoke.DirectMethodHandle$Holder.invokeVirtual(java.lang.Object, java.lang.Object)'> (0x0000000086ad0d90) 
thrown [s\open\src\hotspot\share\interpreter\linkResolver.cpp, line 759]
Event: 401.736 Thread 0x000001fb621fe3d0 Exception <a 'java/lang/NoSuchMethodError'{0x0000000086aefd90}: 'long java.lang.invoke.DelegatingMethodHandle$Holder.reinvoke_L(java.lang.Object, java.lang.Object)'> (0x0000000086aefd90) 
thrown [s\open\src\hotspot\share\interpreter\linkResolver.cpp, line 759]
Event: 401.738 Thread 0x000001fb621fe3d0 Exception <a 'java/lang/IncompatibleClassChangeError'{0x0000000086afb3e8}: Found class java.lang.Object, but interface was expected> (0x0000000086afb3e8) 
thrown [s\open\src\hotspot\share\interpreter\linkResolver.cpp, line 826]
Event: 401.739 Thread 0x000001fb621fe3d0 Exception <a 'java/lang/IncompatibleClassChangeError'{0x0000000086900fa0}: Found class java.lang.Object, but interface was expected> (0x0000000086900fa0) 
thrown [s\open\src\hotspot\share\interpreter\linkResolver.cpp, line 826]
Event: 412.151 Thread 0x000001fb6404a910 Exception <a 'java/lang/NoSuchMethodError'{0x00000000868c6178}: 'int java.lang.invoke.Invokers$Holder.invokeExact_MT(java.lang.Object, java.lang.Object, java.lang.Object)'> (0x00000000868c6178) 
thrown [s\open\src\hotspot\share\interpreter\linkResolver.cpp, line 759]
Event: 412.220 Thread 0x000001fb6404a910 Exception <a 'java/lang/NoSuchMethodError'{0x0000000086640340}: 'java.lang.Object java.lang.invoke.DirectMethodHandle$Holder.invokeInterface(java.lang.Object, java.lang.Object, java.lang.Object, java.lang.Object, java.lang.Object)'> (0x0000000086640340) 
thrown [s\open\src\hotspot\share\interpreter\linkResolver.cpp, line 759]
Event: 599.424 Thread 0x000001fb64046a80 Exception <a 'java/lang/NoSuchMethodError'{0x000000008b5f9618}: 'void java.lang.invoke.Invokers$Holder.invokeExact_MT(java.lang.Object, java.lang.Object, int, java.lang.Object)'> (0x000000008b5f9618) 
thrown [s\open\src\hotspot\share\interpreter\linkResolver.cpp, line 759]
Event: 599.427 Thread 0x000001fb64046a80 Exception <a 'java/lang/NoSuchMethodError'{0x0000000088a45b28}: 'double java.lang.invoke.DelegatingMethodHandle$Holder.reinvoke_L(java.lang.Object, java.lang.Object)'> (0x0000000088a45b28) 
thrown [s\open\src\hotspot\share\interpreter\linkResolver.cpp, line 759]
Event: 599.429 Thread 0x000001fb64046a80 Exception <a 'java/lang/NoSuchMethodError'{0x0000000088a51370}: 'void java.lang.invoke.DelegatingMethodHandle$Holder.reinvoke_L(java.lang.Object, java.lang.Object, double)'> (0x0000000088a51370) 
thrown [s\open\src\hotspot\share\interpreter\linkResolver.cpp, line 759]
Event: 840.345 Thread 0x000001fb6404ade0 Implicit null exception at 0x000001fb4e7b9bc4 to 0x000001fb4e7bf4fc
Event: 840.359 Thread 0x000001fb6404ade0 Implicit null exception at 0x000001fb4e488413 to 0x000001fb4e48a330
Event: 859.914 Thread 0x000001fb6404ade0 Exception <a 'java/lang/OutOfMemoryError'{0x000000008a291008}> (0x000000008a291008) 
thrown [s\open\src\hotspot\share\prims\jni.cpp, line 535]
Event: 859.916 Thread 0x000001fb6404ade0 Exception <a 'java/lang/OutOfMemoryError'{0x000000008a291008}> (0x000000008a291008) 
thrown [s\open\src\hotspot\share\prims\jni.cpp, line 516]
Event: 859.930 Thread 0x000001fb6404ade0 Exception <a 'java/lang/NoClassDefFoundError'{0x00000000895326c8}: sun/reflect/Reflection> (0x00000000895326c8) 
thrown [s\open\src\hotspot\share\classfile\systemDictionary.cpp, line 244]
Event: 859.936 Thread 0x000001fb6404ade0 Implicit null exception at 0x000001fb4e0e05d7 to 0x000001fb4e0e06c0
Event: 859.942 Thread 0x000001fb6404ade0 Implicit null exception at 0x000001fb4de818d2 to 0x000001fb4de81e38
Event: 859.946 Thread 0x000001fb6404a910 Exception <a 'java/lang/OutOfMemoryError'{0x0000000089fc8e78}> (0x0000000089fc8e78) 
thrown [s\open\src\hotspot\share\prims\jni.cpp, line 535]
Event: 859.947 Thread 0x000001fb6404a910 Exception <a 'java/lang/OutOfMemoryError'{0x0000000089fc8e78}> (0x0000000089fc8e78) 
thrown [s\open\src\hotspot\share\prims\jni.cpp, line 516]

VM Operations (20 events):
Event: 856.193 Executing VM operation: G1Concurrent
Event: 856.194 Executing VM operation: G1Concurrent done
Event: 856.822 Executing VM operation: G1CollectForAllocation
Event: 856.825 Executing VM operation: G1CollectForAllocation done
Event: 857.574 Executing VM operation: G1CollectForAllocation
Event: 857.576 Executing VM operation: G1CollectForAllocation done
Event: 857.665 Executing VM operation: G1Concurrent
Event: 857.677 Executing VM operation: G1Concurrent done
Event: 857.721 Executing VM operation: G1Concurrent
Event: 857.721 Executing VM operation: G1Concurrent done
Event: 858.332 Executing VM operation: G1CollectForAllocation
Event: 858.335 Executing VM operation: G1CollectForAllocation done
Event: 859.055 Executing VM operation: G1CollectForAllocation
Event: 859.058 Executing VM operation: G1CollectForAllocation done
Event: 859.140 Executing VM operation: G1Concurrent
Event: 859.150 Executing VM operation: G1Concurrent done
Event: 859.189 Executing VM operation: G1Concurrent
Event: 859.189 Executing VM operation: G1Concurrent done
Event: 859.684 Executing VM operation: G1CollectForAllocation
Event: 859.687 Executing VM operation: G1CollectForAllocation done

Events (20 events):
Event: 829.779 Thread 0x000001fb5caf11f0 flushing nmethod 0x000001fb47ee1b10
Event: 829.779 Thread 0x000001fb5caf11f0 flushing nmethod 0x000001fb47f0c590
Event: 829.779 Thread 0x000001fb5caf11f0 flushing nmethod 0x000001fb47f13a90
Event: 829.779 Thread 0x000001fb5caf11f0 flushing nmethod 0x000001fb47f3d210
Event: 829.780 Thread 0x000001fb5caf11f0 flushing nmethod 0x000001fb47f64690
Event: 829.780 Thread 0x000001fb5caf11f0 flushing nmethod 0x000001fb47fb5290
Event: 829.780 Thread 0x000001fb5caf11f0 flushing nmethod 0x000001fb47fbe210
Event: 829.780 Thread 0x000001fb5caf11f0 flushing nmethod 0x000001fb47fdae10
Event: 829.780 Thread 0x000001fb5caf11f0 flushing nmethod 0x000001fb47fe9010
Event: 829.780 Thread 0x000001fb5caf11f0 flushing nmethod 0x000001fb47feda90
Event: 829.781 Thread 0x000001fb5caf11f0 flushing nmethod 0x000001fb48047e90
Event: 829.781 Thread 0x000001fb5caf11f0 flushing nmethod 0x000001fb4805c410
Event: 829.782 Thread 0x000001fb5caf11f0 flushing nmethod 0x000001fb4806ea10
Event: 829.783 Thread 0x000001fb5caf11f0 flushing nmethod 0x000001fb48130d10
Event: 829.783 Thread 0x000001fb5caf11f0 flushing nmethod 0x000001fb48138010
Event: 829.783 Thread 0x000001fb5caf11f0 flushing nmethod 0x000001fb4814d190
Event: 829.783 Thread 0x000001fb5caf11f0 flushing nmethod 0x000001fb4815e490
Event: 829.783 Thread 0x000001fb5caf11f0 flushing nmethod 0x000001fb4818be90
Event: 829.783 Thread 0x000001fb5caf11f0 flushing nmethod 0x000001fb48196e10
Event: 829.783 Thread 0x000001fb5caf11f0 flushing nmethod 0x000001fb481d3810


Dynamic libraries:
0x00007ff6870b0000 - 0x00007ff6870c0000 	C:\Program Files\Java\jdk-18.0.2.1\bin\java.exe
0x00007ffbe1370000 - 0x00007ffbe1587000 	C:\WINDOWS\SYSTEM32\ntdll.dll
0x00007ffbdf910000 - 0x00007ffbdf9d4000 	C:\WINDOWS\System32\KERNEL32.DLL
0x00007ffbde950000 - 0x00007ffbdecfd000 	C:\WINDOWS\System32\KERNELBASE.dll
0x00007ffbdee70000 - 0x00007ffbdef81000 	C:\WINDOWS\System32\ucrtbase.dll
0x00007ffbcbeb0000 - 0x00007ffbcbec8000 	C:\Program Files\Java\jdk-18.0.2.1\bin\jli.dll
0x00007ffbcbe90000 - 0x00007ffbcbeaa000 	C:\Program Files\Java\jdk-18.0.2.1\bin\VCRUNTIME140.dll
0x00007ffbe1050000 - 0x00007ffbe1102000 	C:\WINDOWS\System32\ADVAPI32.dll
0x00007ffbe0af0000 - 0x00007ffbe0b97000 	C:\WINDOWS\System32\msvcrt.dll
0x00007ffbe0db0000 - 0x00007ffbe0e59000 	C:\WINDOWS\System32\sechost.dll
0x00007ffbdf010000 - 0x00007ffbdf038000 	C:\WINDOWS\System32\bcrypt.dll
0x00007ffbe0bb0000 - 0x00007ffbe0cc4000 	C:\WINDOWS\System32\RPCRT4.dll
0x00007ffbe0100000 - 0x00007ffbe02ae000 	C:\WINDOWS\System32\USER32.dll
0x00007ffbde920000 - 0x00007ffbde946000 	C:\WINDOWS\System32\win32u.dll
0x00007ffbe0ec0000 - 0x00007ffbe0ee9000 	C:\WINDOWS\System32\GDI32.dll
0x00007ffbbcae0000 - 0x00007ffbbcd73000 	C:\WINDOWS\WinSxS\amd64_microsoft.windows.common-controls_6595b64144ccf1df_6.0.22621.3672_none_2713b9d173822955\COMCTL32.dll
0x00007ffbde6a0000 - 0x00007ffbde7b9000 	C:\WINDOWS\System32\gdi32full.dll
0x00007ffbde7c0000 - 0x00007ffbde85a000 	C:\WINDOWS\System32\msvcp_win.dll
0x00007ffbd3120000 - 0x00007ffbd312a000 	C:\WINDOWS\SYSTEM32\VERSION.dll
0x00007ffbe04a0000 - 0x00007ffbe04d1000 	C:\WINDOWS\System32\IMM32.DLL
0x00007ffbd3460000 - 0x00007ffbd346c000 	C:\Program Files\Java\jdk-18.0.2.1\bin\vcruntime140_1.dll
0x00007ffbc41f0000 - 0x00007ffbc427d000 	C:\Program Files\Java\jdk-18.0.2.1\bin\msvcp140.dll
0x00007ffb901d0000 - 0x00007ffb90de1000 	C:\Program Files\Java\jdk-18.0.2.1\bin\server\jvm.dll
0x00007ffbe04e0000 - 0x00007ffbe04e8000 	C:\WINDOWS\System32\PSAPI.DLL
0x00007ffbd83c0000 - 0x00007ffbd83f4000 	C:\WINDOWS\SYSTEM32\WINMM.dll
0x00007ffbd6540000 - 0x00007ffbd6549000 	C:\WINDOWS\SYSTEM32\WSOCK32.dll
0x00007ffbe02d0000 - 0x00007ffbe0341000 	C:\WINDOWS\System32\WS2_32.dll
0x00007ffbdd690000 - 0x00007ffbdd6a8000 	C:\WINDOWS\SYSTEM32\kernel.appcore.dll
0x00007ffbcbe80000 - 0x00007ffbcbe8a000 	C:\Program Files\Java\jdk-18.0.2.1\bin\jimage.dll
0x00007ffbd8c90000 - 0x00007ffbd8ec2000 	C:\WINDOWS\SYSTEM32\DBGHELP.DLL
0x00007ffbdfd70000 - 0x00007ffbe00f8000 	C:\WINDOWS\System32\combase.dll
0x00007ffbe0cd0000 - 0x00007ffbe0da7000 	C:\WINDOWS\System32\OLEAUT32.dll
0x00007ffbd8380000 - 0x00007ffbd83b2000 	C:\WINDOWS\SYSTEM32\dbgcore.DLL
0x00007ffbdef90000 - 0x00007ffbdf00b000 	C:\WINDOWS\System32\bcryptPrimitives.dll
0x00007ffbc9c50000 - 0x00007ffbc9c5e000 	C:\Program Files\Java\jdk-18.0.2.1\bin\instrument.dll
0x00007ffbc41c0000 - 0x00007ffbc41e5000 	C:\Program Files\Java\jdk-18.0.2.1\bin\java.dll
0x00007ffbc3d20000 - 0x00007ffbc3df6000 	C:\Program Files\Java\jdk-18.0.2.1\bin\jsvml.dll
0x00007ffbdf0b0000 - 0x00007ffbdf90f000 	C:\WINDOWS\System32\SHELL32.dll
0x00007ffbdc5a0000 - 0x00007ffbdce9c000 	C:\WINDOWS\SYSTEM32\windows.storage.dll
0x00007ffbdc460000 - 0x00007ffbdc59f000 	C:\WINDOWS\SYSTEM32\wintypes.dll
0x00007ffbe0350000 - 0x00007ffbe0444000 	C:\WINDOWS\System32\SHCORE.dll
0x00007ffbe0e60000 - 0x00007ffbe0ebe000 	C:\WINDOWS\System32\shlwapi.dll
0x00007ffbde5d0000 - 0x00007ffbde5f1000 	C:\WINDOWS\SYSTEM32\profapi.dll
0x00007ffbc4180000 - 0x00007ffbc4198000 	C:\Program Files\Java\jdk-18.0.2.1\bin\zip.dll
0x00007ffbcbe60000 - 0x00007ffbcbe73000 	C:\Program Files\Java\jdk-18.0.2.1\bin\net.dll
0x00007ffbd7cd0000 - 0x00007ffbd7e06000 	C:\WINDOWS\SYSTEM32\WINHTTP.dll
0x00007ffbddb00000 - 0x00007ffbddb69000 	C:\WINDOWS\system32\mswsock.dll
0x00007ffbc41a0000 - 0x00007ffbc41b6000 	C:\Program Files\Java\jdk-18.0.2.1\bin\nio.dll
0x00007ffbc4140000 - 0x00007ffbc415a000 	D:\THUY\Apps\IntelliJ IDEA Community Edition 2024.1.4\bin\breakgen64.dll
0x00007ffbc4130000 - 0x00007ffbc4140000 	C:\Program Files\Java\jdk-18.0.2.1\bin\verify.dll
0x00007ffbc4170000 - 0x00007ffbc4179000 	C:\Program Files\Java\jdk-18.0.2.1\bin\management.dll
0x00007ffbc4160000 - 0x00007ffbc416b000 	C:\Program Files\Java\jdk-18.0.2.1\bin\management_ext.dll
0x00007ffbbc850000 - 0x00007ffbbc867000 	C:\WINDOWS\system32\napinsp.dll
0x00007ffbbbce0000 - 0x00007ffbbbcfb000 	C:\WINDOWS\system32\pnrpnsp.dll
0x00007ffbb9c80000 - 0x00007ffbb9ca7000 	C:\WINDOWS\system32\nlansp_c.dll
0x00007ffbdd170000 - 0x00007ffbdd268000 	C:\WINDOWS\SYSTEM32\DNSAPI.dll
0x00007ffbdd100000 - 0x00007ffbdd12d000 	C:\WINDOWS\SYSTEM32\IPHLPAPI.DLL
0x00007ffbe05f0000 - 0x00007ffbe05f9000 	C:\WINDOWS\System32\NSI.dll
0x00007ffbb8680000 - 0x00007ffbb8691000 	C:\WINDOWS\System32\winrnr.dll
0x00007ffbb8660000 - 0x00007ffbb8675000 	C:\WINDOWS\system32\wshbth.dll
0x00007ffbd43a0000 - 0x00007ffbd43aa000 	C:\Windows\System32\rasadhlp.dll
0x00007ffbd6670000 - 0x00007ffbd66f3000 	C:\WINDOWS\System32\fwpuclnt.dll
0x00007ffbddd20000 - 0x00007ffbddd3b000 	C:\WINDOWS\SYSTEM32\CRYPTSP.dll
0x00007ffbdd5f0000 - 0x00007ffbdd625000 	C:\WINDOWS\system32\rsaenh.dll
0x00007ffbddbc0000 - 0x00007ffbddbe8000 	C:\WINDOWS\SYSTEM32\USERENV.dll
0x00007ffbddd40000 - 0x00007ffbddd4c000 	C:\WINDOWS\SYSTEM32\CRYPTBASE.dll
0x00007ffbd74b0000 - 0x00007ffbd74c9000 	C:\WINDOWS\SYSTEM32\dhcpcsvc6.DLL
0x00007ffbd7490000 - 0x00007ffbd74af000 	C:\WINDOWS\SYSTEM32\dhcpcsvc.DLL
0x00007ffbc4120000 - 0x00007ffbc412e000 	C:\Program Files\Java\jdk-18.0.2.1\bin\sunmscapi.dll
0x00007ffbded00000 - 0x00007ffbdee67000 	C:\WINDOWS\System32\CRYPT32.dll
0x00007ffbddf60000 - 0x00007ffbddf8e000 	C:\WINDOWS\SYSTEM32\ncrypt.dll
0x00007ffbddf20000 - 0x00007ffbddf57000 	C:\WINDOWS\SYSTEM32\NTASN1.dll

dbghelp: loaded successfully - version: 4.0.5 - missing functions: none
symbol engine: initialized successfully - sym options: 0x614 - pdb path: .;C:\Program Files\Java\jdk-18.0.2.1\bin;C:\WINDOWS\SYSTEM32;C:\WINDOWS\WinSxS\amd64_microsoft.windows.common-controls_6595b64144ccf1df_6.0.22621.3672_none_2713b9d173822955;C:\Program Files\Java\jdk-18.0.2.1\bin\server;D:\THUY\Apps\IntelliJ IDEA Community Edition 2024.1.4\bin

VM Arguments:
jvm_args: -javaagent:D:\THUY\Apps\IntelliJ IDEA Community Edition 2024.1.4\lib\idea_rt.jar=52832:D:\THUY\Apps\IntelliJ IDEA Community Edition 2024.1.4\bin -Dfile.encoding=UTF-8 -Dsun.stdout.encoding=UTF-8 -Dsun.stderr.encoding=UTF-8 
java_command: com.ptithcm.ClothingStoreWebApplication
java_class_path (initial): D:\THUY\Project\ThucTap\Web\Web\target\classes;C:\Users\thith\.m2\repository\org\springframework\boot\spring-boot-starter-data-jpa\2.3.1.RELEASE\spring-boot-starter-data-jpa-2.3.1.RELEASE.jar;C:\Users\thith\.m2\repository\org\springframework\boot\spring-boot-starter-aop\2.3.1.RELEASE\spring-boot-starter-aop-2.3.1.RELEASE.jar;C:\Users\thith\.m2\repository\org\aspectj\aspectjweaver\1.9.5\aspectjweaver-1.9.5.jar;C:\Users\thith\.m2\repository\jakarta\transaction\jakarta.transaction-api\1.3.3\jakarta.transaction-api-1.3.3.jar;C:\Users\thith\.m2\repository\jakarta\persistence\jakarta.persistence-api\2.2.3\jakarta.persistence-api-2.2.3.jar;C:\Users\thith\.m2\repository\org\springframework\spring-aspects\5.2.7.RELEASE\spring-aspects-5.2.7.RELEASE.jar;C:\Users\thith\.m2\repository\org\springframework\boot\spring-boot-starter-validation\2.3.1.RELEASE\spring-boot-starter-validation-2.3.1.RELEASE.jar;C:\Users\thith\.m2\repository\org\springframework\boot\spring-boot-starter\2.3.1.RELEASE\spring-boot-starter-2.3.1.RELEASE.jar;C:\Users\thith\.m2\repository\org\springframework\boot\spring-boot-starter-logging\2.3.1.RELEASE\spring-boot-starter-logging-2.3.1.RELEASE.jar;C:\Users\thith\.m2\repository\ch\qos\logback\logback-classic\1.2.3\logback-classic-1.2.3.jar;C:\Users\thith\.m2\repository\ch\qos\logback\logback-core\1.2.3\logback-core-1.2.3.jar;C:\Users\thith\.m2\repository\org\apache\logging\log4j\log4j-to-slf4j\2.13.3\log4j-to-slf4j-2.13.3.jar;C:\Users\thith\.m2\repository\org\apache\logging\log4j\log4j-api\2.13.3\log4j-api-2.13.3.jar;C:\Users\thith\.m2\repository\org\slf4j\jul-to-slf4j\1.7.30\jul-to-slf4j-1.7.30.jar;C:\Users\thith\.m2\repository\jakarta\annotation\jakarta.annotation-api\1.3.5\jakarta.annotation-api-1.3.5.jar;C:\Users\thith\.m2\repository\org\yaml\snakeyaml\1.26\snakeyaml-1.26.jar;C:\Users\thith\.m2\repository\org\glassfish\jakarta.el\3.0.3\jakarta.el-3.0.3.jar;C:\Users\thith\.m2\repository\org\hibernate\validator\hibernate-validator\6.1.5.Final\hibernate-validator-6.1.5.Final.jar;C:\Users\thith\.m2\repository\org\springframework\boot\spring-boot-starter-jdbc\2.3.1.RELEASE\spring-boot-starter-jdbc-2.3.1.RELEASE.jar;C:\Users\thith\.m2\repository\com\zaxxer\HikariCP\3.4.5\HikariCP-3.4.5.jar;C:\Users\thith\.m2\repository\org\springframework\spring-jdbc\5.2.7.RELEASE\spring-jdbc-5.2.7.RELEASE.jar;C:\Users\thith\.m2\repository\org\springframework\boot\spring-boot-starter-web\2.3.1.RELEASE\spring-boot-starter-web-2.3.1.RELEASE.jar;C:\Users\thith\.m2\repository\org\springframework\boot\spring-boot-starter-json\2.3.1.RELEASE\spring-boot-starter-json-2.3.1.RELEASE.jar;C:\Users\thith\.m2\repository\com\fasterxml\jackson\datatype\jackson-datatype-jdk8\2.11.0\jackson-datatype-jdk8-2.11.0.jar;C:\Users\thith\.m2\repository\com\fasterxml\jackson\datatype\jackson-datatype-jsr310\2.11.0\jackson-datatype-jsr310-2.11.0.jar;C:\Users\thith\.m2\repository\com\fasterxml\jackson\module\jackson-module-parameter-names\2.11.0\jackson-module-parameter-names-2.11.0.jar;C:\Users\thith\.m2\repository\org\springframework\boot\spring-boot-starter-tomcat\2.3.1.RELEASE\spring-boot-starter-tomcat-2.3.1.RELEASE.jar;C:\Users\thith\.m2\repository\org\apache\tomcat\embed\tomcat-embed-core\9.0.36\tomcat-embed-core-9.0.36.jar;C:\Users\thith\.m2\repository\org\apache\tomcat\embed\tomcat-embed-websocket\9.0.36\tomcat-embed-websocket-9.0.36.jar;C:\Users\thith\.m2\repository\org\springframework\spring-web\5.2.7.RELEASE\spring-web-5.2.7.RELEASE.jar;C:\Users\thith\.m2\repository\org\springframework\spring-webmvc\5.2.7.RELEASE\spring-webmvc-5.2.7.RELEASE.jar;C:\Users\thith\.m2\repository\org\springframework\spring-expression\5.2.7.RELEASE\spring-expression-5.2.7.RELEASE.jar;C:\Users\thith\.m2\repository\org\springframework\boot\spring-boot-starter-mail\2.3.1.RELEASE\spring-boot-starter-mail-2.3.1.RELEASE.jar;C:\Users\thith\.m2\repository\org\springframework\spring-context-support\5.2.7.RELEASE\spring-context-support-5.2.7.RELEASE.jar;C:\Users\thith\.m2\repository\com\sun\mail\jakarta.mail\1.6.5\jakarta.mail-1.6.5.jar;C:\Users\thith\.m2\repository\com\sun\activation\jakarta.activation\1.2.2\jakarta.activation-1.2.2.jar;C:\Users\thith\.m2\repository\org\springframework\boot\spring-boot-devtools\2.3.1.RELEASE\spring-boot-devtools-2.3.1.RELEASE.jar;C:\Users\thith\.m2\repository\org\springframework\boot\spring-boot\2.3.1.RELEASE\spring-boot-2.3.1.RELEASE.jar;C:\Users\thith\.m2\repository\org\springframework\boot\spring-boot-autoconfigure\2.3.1.RELEASE\spring-boot-autoconfigure-2.3.1.RELEASE.jar;C:\Users\thith\.m2\repository\jakarta\xml\bind\jakarta.xml.bind-api\2.3.3\jakarta.xml.bind-api-2.3.3.jar;C:\Users\thith\.m2\repository\jakarta\activation\jakarta.activation-api\1.2.2\jakarta.activation-api-1.2.2.jar;C:\Users\thith\.m2\repository\org\springframework\spring-core\5.2.7.RELEASE\spring-core-5.2.7.RELEASE.jar;C:\Users\thith\.m2\repository\org\springframework\spring-jcl\5.2.7.RELEASE\spring-jcl-5.2.7.RELEASE.jar;C:\Users\thith\.m2\repository\org\hibernate\hibernate-core\5.4.17.Final\hibernate-core-5.4.17.Final.jar;C:\Users\thith\.m2\repository\org\jboss\logging\jboss-logging\3.4.1.Final\jboss-logging-3.4.1.Final.jar;C:\Users\thith\.m2\repository\javax\persistence\javax.persistence-api\2.2\javax.persistence-api-2.2.jar;C:\Users\thith\.m2\repository\org\javassist\javassist\3.24.0-GA\javassist-3.24.0-GA.jar;C:\Users\thith\.m2\repository\net\bytebuddy\byte-buddy\1.10.11\byte-buddy-1.10.11.jar;C:\Users\thith\.m2\repository\antlr\antlr\2.7.7\antlr-2.7.7.jar;C:\Users\thith\.m2\repository\org\jboss\spec\javax\transaction\jboss-transaction-api_1.2_spec\1.1.1.Final\jboss-transaction-api_1.2_spec-1.1.1.Final.jar;C:\Users\thith\.m2\repository\org\jboss\jandex\2.1.3.Final\jandex-2.1.3.Final.jar;C:\Users\thith\.m2\repository\com\fasterxml\classmate\1.5.1\classmate-1.5.1.jar;C:\Users\thith\.m2\repository\javax\activation\javax.activation-api\1.2.0\javax.activation-api-1.2.0.jar;C:\Users\thith\.m2\repository\org\dom4j\dom4j\2.1.3\dom4j-2.1.3.jar;C:\Users\thith\.m2\repository\org\hibernate\common\hibernate-commons-annotations\5.1.0.Final\hibernate-commons-annotations-5.1.0.Final.jar;C:\Users\thith\.m2\repository\javax\xml\bind\jaxb-api\2.3.1\jaxb-api-2.3.1.jar;C:\Users\thith\.m2\repository\org\glassfish\jaxb\jaxb-runtime\2.3.3\jaxb-runtime-2.3.3.jar;C:\Users\thith\.m2\repository\org\glassfish\jaxb\txw2\2.3.3\txw2-2.3.3.jar;C:\Users\thith\.m2\repository\com\sun\istack\istack-commons-runtime\3.0.11\istack-commons-runtime-3.0.11.jar;C:\Users\thith\.m2\repository\com\mysql\mysql-connector-j\8.0.33\mysql-connector-j-8.0.33.jar;C:\Users\thith\.m2\repository\org\springframework\data\spring-data-jpa\2.3.1.RELEASE\spring-data-jpa-2.3.1.RELEASE.jar;C:\Users\thith\.m2\repository\org\springframework\data\spring-data-commons\2.3.1.RELEASE\spring-data-commons-2.3.1.RELEASE.jar;C:\Users\thith\.m2\repository\org\springframework\spring-orm\5.2.7.RELEASE\spring-orm-5.2.7.RELEASE.jar;C:\Users\thith\.m2\repository\org\springframework\spring-context\5.2.7.RELEASE\spring-context-5.2.7.RELEASE.jar;C:\Users\thith\.m2\repository\org\springframework\spring-aop\5.2.7.RELEASE\spring-aop-5.2.7.RELEASE.jar;C:\Users\thith\.m2\repository\org\springframework\spring-tx\5.2.7.RELEASE\spring-tx-5.2.7.RELEASE.jar;C:\Users\thith\.m2\repository\org\springframework\spring-beans\5.2.7.RELEASE\spring-beans-5.2.7.RELEASE.jar;C:\Users\thith\.m2\repository\org\aspectj\aspectjrt\1.9.5\aspectjrt-1.9.5.jar;C:\Users\thith\.m2\repository\org\slf4j\slf4j-api\1.7.30\slf4j-api-1.7.30.jar;C:\Users\thith\.m2\repository\jakarta\validation\jakarta.validation-api\3.0.2\jakarta.validation-api-3.0.2.jar;C:\Users\thith\.m2\repository\commons-fileupload\commons-fileupload\1.4\commons-fileupload-1.4.jar;C:\Users\thith\.m2\repository\commons-io\commons-io\1.3.2\commons-io-1.3.2.jar;C:\Users\thith\.m2\repository\com\fasterxml\jackson\core\jackson-annotations\2.11.0\jackson-annotations-2.11.0.jar;C:\Users\thith\.m2\repository\com\google\firebase\firebase-admin\6.10.0\firebase-admin-6.10.0.jar;C:\Users\thith\.m2\repository\com\google\api-client\google-api-client-gson\1.30.1\google-api-client-gson-1.30.1.jar;C:\Users\thith\.m2\repository\com\google\http-client\google-http-client-gson\1.30.1\google-http-client-gson-1.30.1.jar;C:\Users\thith\.m2\repository\com\google\code\gson\gson\2.8.6\gson-2.8.6.jar;C:\Users\thith\.m2\repository\com\google\http-client\google-http-client\1.30.1\google-http-client-1.30.1.jar;C:\Users\thith\.m2\repository\org\apache\httpcomponents\httpclient\4.5.12\httpclient-4.5.12.jar;C:\Users\thith\.m2\repository\org\apache\httpcomponents\httpcore\4.4.13\httpcore-4.4.13.jar;C:\Users\thith\.m2\repository\commons-codec\commons-codec\1.14\commons-codec-1.14.jar;C:\Users\thith\.m2\repository\com\google\code\findbugs\jsr305\3.0.2\jsr305-3.0.2.jar;C:\Users\thith\.m2\repository\com\google\j2objc\j2objc-annotations\1.3\j2objc-annotations-1.3.jar;C:\Users\thith\.m2\repository\io\opencensus\opencensus-api\0.21.0\opencensus-api-0.21.0.jar;C:\Users\thith\.m2\repository\io\grpc\grpc-context\1.19.0\grpc-context-1.19.0.jar;C:\Users\thith\.m2\repository\io\opencensus\opencensus-contrib-http-util\0.21.0\opencensus-contrib-http-util-0.21.0.jar;C:\Users\thith\.m2\repository\com\google\api\api-common\1.8.1\api-common-1.8.1.jar;C:\Users\thith\.m2\repository\javax\annotation\javax.annotation-api\1.3.2\javax.annotation-api-1.3.2.jar;C:\Users\thith\.m2\repository\com\google\auth\google-auth-library-oauth2-http\0.16.1\google-auth-library-oauth2-http-0.16.1.jar;C:\Users\thith\.m2\repository\com\google\auth\google-auth-library-credentials\0.16.1\google-auth-library-credentials-0.16.1.jar;C:\Users\thith\.m2\repository\com\google\cloud\google-cloud-firestore\1.9.0\google-cloud-firestore-1.9.0.jar;C:\Users\thith\.m2\repository\com\google\cloud\google-cloud-core\1.79.0\google-cloud-core-1.79.0.jar;C:\Users\thith\.m2\repository\com\google\api\gax\1.46.1\gax-1.46.1.jar;C:\Users\thith\.m2\repository\com\google\protobuf\protobuf-java-util\3.7.1\protobuf-java-util-3.7.1.jar;C:\Users\thith\.m2\repository\com\google\api\grpc\proto-google-common-protos\1.16.0\proto-google-common-protos-1.16.0.jar;C:\Users\thith\.m2\repository\com\google\api\grpc\proto-google-iam-v1\0.12.0\proto-google-iam-v1-0.12.0.jar;C:\Users\thith\.m2\repository\com\google\cloud\google-cloud-core-grpc\1.79.0\google-cloud-core-grpc-1.79.0.jar;C:\Users\thith\.m2\repository\com\google\protobuf\protobuf-java\3.7.1\protobuf-java-3.7.1.jar;C:\Users\thith\.m2\repository\io\grpc\grpc-protobuf\1.21.0\grpc-protobuf-1.21.0.jar;C:\Users\thith\.m2\repository\io\grpc\grpc-protobuf-lite\1.21.0\grpc-protobuf-lite-1.21.0.jar;C:\Users\thith\.m2\repository\com\google\api\gax-grpc\1.46.1\gax-grpc-1.46.1.jar;C:\Users\thith\.m2\repository\org\threeten\threetenbp\1.3.3\threetenbp-1.3.3.jar;C:\Users\thith\.m2\repository\io\grpc\grpc-alts\1.21.0\grpc-alts-1.21.0.jar;C:\Users\thith\.m2\repository\io\grpc\grpc-grpclb\1.21.0\grpc-grpclb-1.21.0.jar;C:\Users\thith\.m2\repository\org\apache\commons\commons-lang3\3.10\commons-lang3-3.10.jar;C:\Users\thith\.m2\repository\com\google\api\grpc\proto-google-cloud-firestore-admin-v1\1.9.0\proto-google-cloud-firestore-admin-v1-1.9.0.jar;C:\Users\thith\.m2\repository\com\google\api\grpc\proto-google-cloud-firestore-v1\1.9.0\proto-google-cloud-firestore-v1-1.9.0.jar;C:\Users\thith\.m2\repository\com\google\api\grpc\proto-google-cloud-firestore-v1beta1\0.62.0\proto-google-cloud-firestore-v1beta1-0.62.0.jar;C:\Users\thith\.m2\repository\io\grpc\grpc-netty-shaded\1.21.0\grpc-netty-shaded-1.21.0.jar;C:\Users\thith\.m2\repository\io\grpc\grpc-core\1.21.0\grpc-core-1.21.0.jar;C:\Users\thith\.m2\repository\com\google\android\annotations\4.1.1.4\annotations-4.1.1.4.jar;C:\Users\thith\.m2\repository\io\opencensus\opencensus-contrib-grpc-metrics\0.21.0\opencensus-contrib-grpc-metrics-0.21.0.jar;C:\Users\thith\.m2\repository\io\grpc\grpc-stub\1.21.0\grpc-stub-1.21.0.jar;C:\Users\thith\.m2\repository\io\grpc\grpc-api\1.21.0\grpc-api-1.21.0.jar;C:\Users\thith\.m2\repository\io\grpc\grpc-auth\1.21.0\grpc-auth-1.21.0.jar;C:\Users\thith\.m2\repository\io\opencensus\opencensus-contrib-grpc-util\0.21.0\opencensus-contrib-grpc-util-0.21.0.jar;C:\Users\thith\.m2\repository\com\google\guava\guava\26.0-android\guava-26.0-android.jar;C:\Users\thith\.m2\repository\org\checkerframework\checker-compat-qual\2.5.2\checker-compat-qual-2.5.2.jar;C:\Users\thith\.m2\repository\com\google\errorprone\error_prone_annotations\2.1.3\error_prone_annotations-2.1.3.jar;C:\Users\thith\.m2\repository\org\codehaus\mojo\animal-sniffer-annotations\1.14\animal-sniffer-annotations-1.14.jar;C:\Users\thith\.m2\repository\io\netty\netty-codec-http\4.1.50.Final\netty-codec-http-4.1.50.Final.jar;C:\Users\thith\.m2\repository\io\netty\netty-common\4.1.50.Final\netty-common-4.1.50.Final.jar;C:\Users\thith\.m2\repository\io\netty\netty-buffer\4.1.50.Final\netty-buffer-4.1.50.Final.jar;C:\Users\thith\.m2\repository\io\netty\netty-codec\4.1.50.Final\netty-codec-4.1.50.Final.jar;C:\Users\thith\.m2\repository\io\netty\netty-handler\4.1.50.Final\netty-handler-4.1.50.Final.jar;C:\Users\thith\.m2\repository\io\netty\netty-resolver\4.1.50.Final\netty-resolver-4.1.50.Final.jar;C:\Users\thith\.m2\repository\io\netty\netty-transport\4.1.50.Final\netty-transport-4.1.50.Final.jar;C:\Users\thith\.m2\repository\org\springframework\boot\spring-boot-starter-security\2.3.1.RELEASE\spring-boot-starter-security-2.3.1.RELEASE.jar;C:\Users\thith\.m2\repository\org\springframework\security\spring-security-config\5.3.3.RELEASE\spring-security-config-5.3.3.RELEASE.jar;C:\Users\thith\.m2\repository\org\springframework\security\spring-security-core\5.3.3.RELEASE\spring-security-core-5.3.3.RELEASE.jar;C:\Users\thith\.m2\repository\org\springframework\security\spring-security-web\5.3.3.RELEASE\spring-security-web-5.3.3.RELEASE.jar;C:\Users\thith\.m2\repository\javax\ws\rs\javax.ws.rs-api\2.0\javax.ws.rs-api-2.0.jar;C:\Users\thith\.m2\repository\io\jsonwebtoken\jjwt-api\0.11.2\jjwt-api-0.11.2.jar;C:\Users\thith\.m2\repository\io\jsonwebtoken\jjwt-impl\0.11.2\jjwt-impl-0.11.2.jar;C:\Users\thith\.m2\repository\io\jsonwebtoken\jjwt-jackson\0.11.2\jjwt-jackson-0.11.2.jar;C:\Users\thith\.m2\repository\com\fasterxml\jackson\core\jackson-databind\2.11.0\jackson-databind-2.11.0.jar;C:\Users\thith\.m2\repository\com\fasterxml\jackson\core\jackson-core\2.11.0\jackson-core-2.11.0.jar;C:\Users\thith\.m2\repository\com\google\cloud\google-cloud-storage\1.96.0\google-cloud-storage-1.96.0.jar;C:\Users\thith\.m2\repository\com\google\cloud\google-cloud-core-http\1.90.0\google-cloud-core-http-1.90.0.jar;C:\Users\thith\.m2\repository\com\google\http-client\google-http-client-appengine\1.31.0\google-http-client-appengine-1.31.0.jar;C:\Users\thith\.m2\repository\com\google\api\gax-httpjson\0.65.1\gax-httpjson-0.65.1.jar;C:\Users\thith\.m2\repository\com\google\apis\google-api-services-storage\v1-rev20190910-1.30.3\google-api-services-storage-v1-rev20190910-1.30.3.jar;C:\Users\thith\.m2\repository\com\google\api-client\google-api-client\1.30.4\google-api-client-1.30.4.jar;C:\Users\thith\.m2\repository\com\google\oauth-client\google-oauth-client\1.30.3\google-oauth-client-1.30.3.jar;C:\Users\thith\.m2\repository\com\google\http-client\google-http-client-jackson2\1.32.1\google-http-client-jackson2-1.32.1.jar
Launcher Type: SUN_STANDARD

[Global flags]
     intx CICompilerCount                          = 4                                         {product} {ergonomic}
     uint ConcGCThreads                            = 2                                         {product} {ergonomic}
     uint G1ConcRefinementThreads                  = 8                                         {product} {ergonomic}
   size_t G1HeapRegionSize                         = 1048576                                   {product} {ergonomic}
    uintx GCDrainStackTargetSize                   = 64                                        {product} {ergonomic}
   size_t InitialHeapSize                          = 132120576                                 {product} {ergonomic}
   size_t MarkStackSize                            = 4194304                                   {product} {ergonomic}
   size_t MaxHeapSize                              = 2088763392                                {product} {ergonomic}
   size_t MaxNewSize                               = 1253048320                                {product} {ergonomic}
   size_t MinHeapDeltaBytes                        = 1048576                                   {product} {ergonomic}
   size_t MinHeapSize                              = 8388608                                   {product} {ergonomic}
    uintx NonNMethodCodeHeapSize                   = 5839372                                {pd product} {ergonomic}
    uintx NonProfiledCodeHeapSize                  = 122909434                              {pd product} {ergonomic}
    uintx ProfiledCodeHeapSize                     = 122909434                              {pd product} {ergonomic}
    uintx ReservedCodeCacheSize                    = 251658240                              {pd product} {ergonomic}
     bool SegmentedCodeCache                       = true                                      {product} {ergonomic}
   size_t SoftMaxHeapSize                          = 2088763392                             {manageable} {ergonomic}
     bool UseCompressedClassPointers               = true                           {product lp64_product} {ergonomic}
     bool UseCompressedOops                        = true                           {product lp64_product} {ergonomic}
     bool UseG1GC                                  = true                                      {product} {ergonomic}
     bool UseLargePagesIndividualAllocation        = false                                  {pd product} {ergonomic}

Logging:
Log output configuration:
 #0: stdout all=warning uptime,level,tags foldmultilines=false
 #1: stderr all=off uptime,level,tags foldmultilines=false

Environment Variables:
JAVA_HOME=C:\Program Files\Java\jdk-18.0.2.1
PATH=C:\Program Files\Common Files\Oracle\Java\javapath;C:\WINDOWS\system32;C:\WINDOWS;C:\WINDOWS\System32\Wbem;C:\WINDOWS\System32\WindowsPowerShell\v1.0\;C:\WINDOWS\System32\OpenSSH\;C:\Program Files\Java\jdk-18.0.2.1\bin;C:\Program Files\nodejs\;C:\Program Files\Git\cmd;C:\Program Files (x86)\Microsoft SQL Server\160\DTS\Binn\;C:\Program Files\Docker\Docker\resources\bin;C:\nginx;C:\Program Files\dotnet\;C:\Program Files\Java\jdk-18.0.2.1\bin;C:\apache-ant-1.10.14\bin;D:\THUY\Apps\Microsoft VS Code\bin;C:\Users\thith\AppData\Roaming\npm;C:\Users\thith\AppData\Local\Android\Sdk;C:\Users\thith\AppData\Local\Android\Sdk\cmdline-tools\latest\bin;C:\Users\thith\AppData\Local\Android\Sdk\platform-tools;
USERNAME=thith
OS=Windows_NT
PROCESSOR_IDENTIFIER=Intel64 Family 6 Model 126 Stepping 5, GenuineIntel



---------------  S Y S T E M  ---------------

OS:
 Windows 11 , 64 bit Build 22621 (10.0.22621.3672)
OS uptime: 1 days 21:06 hours
Hyper-V role detected

CPU: total 8 (initial active 8) (4 cores per cpu, 2 threads per core) family 6 model 126 stepping 5 microcode 0x86, cx8, cmov, fxsr, ht, mmx, 3dnowpref, sse, sse2, sse3, ssse3, sse4.1, sse4.2, popcnt, lzcnt, tsc, tscinvbit, avx, avx2, aes, erms, clmul, bmi1, bmi2, adx, avx512f, avx512dq, avx512cd, avx512bw, avx512vl, sha, fma, vzeroupper, avx512_vpopcntdq, avx512_vpclmulqdq, avx512_vaes, avx512_vnni, clflush, clflushopt, avx512_vbmi2, avx512_vbmi, hv

Memory: 4k page, system-wide physical 7967M (517M free)
TotalPageFile size 25520M (AvailPageFile size 0M)
current process WorkingSet (physical memory assigned to process): 278M, peak: 300M
current process commit charge ("private bytes"): 351M, peak: 375M

vm_info: Java HotSpot(TM) 64-Bit Server VM (18.0.2.1+1-1) for windows-amd64 JRE (18.0.2.1+1-1), built on Aug 16 2022 01:46:33 by "mach5one" with MS VC++ 16.8 / 16.9 (VS2019)

END.
